[0.198s] DEBUG:colcon:Command line arguments: ['/usr/bin/colcon', 'build', '--cmake-args', '-DCMAKE_BUILD_TYPE=Release', '--build-base', '/home/carma/build_ros2', '--install-base', '/opt/carma/install_ros2', '--packages-up-to', 'cpp_message']
[0.198s] DEBUG:colcon:Parsed command line arguments: Namespace(ament_cmake_args=None, base_paths=['.'], build_base='/home/carma/build_ros2', catkin_cmake_args=None, catkin_skip_building_tests=False, cmake_args=['-DCMAKE_BUILD_TYPE=Release'], cmake_clean_cache=False, cmake_clean_first=False, cmake_force_configure=False, cmake_target=None, cmake_target_skip_unavailable=False, continue_on_error=False, event_handlers=None, executor='parallel', ignore_user_meta=False, install_base='/opt/carma/install_ros2', log_base=None, log_level=None, main=<bound method BuildVerb.main of <colcon_core.verb.build.BuildVerb object at 0x708f8914d940>>, merge_install=False, metas=['./colcon.meta'], packages_above=None, packages_above_and_dependencies=None, packages_above_depth=None, packages_end=None, packages_ignore=None, packages_ignore_regex=None, packages_select=None, packages_select_build_failed=False, packages_select_by_dep=None, packages_select_regex=None, packages_select_test_failures=False, packages_skip=None, packages_skip_build_finished=False, packages_skip_by_dep=None, packages_skip_regex=None, packages_skip_test_passed=False, packages_skip_up_to=None, packages_start=None, packages_up_to=['cpp_message'], packages_up_to_regex=None, parallel_workers=8, paths=None, symlink_install=False, test_result_base=None, verb_extension=<colcon_core.verb.build.BuildVerb object at 0x708f8914d940>, verb_name='build', verb_parser=<colcon_defaults.argument_parser.defaults.DefaultArgumentsDecorator object at 0x708f89098dc0>)
[0.362s] Level 1:colcon.colcon_core.package_discovery:discover_packages(colcon_meta) check parameters
[0.362s] Level 1:colcon.colcon_core.package_discovery:discover_packages(recursive) check parameters
[0.362s] Level 1:colcon.colcon_core.package_discovery:discover_packages(ignore) check parameters
[0.362s] Level 1:colcon.colcon_core.package_discovery:discover_packages(path) check parameters
[0.362s] Level 1:colcon.colcon_core.package_discovery:discover_packages(colcon_meta) discover
[0.362s] Level 1:colcon.colcon_core.package_discovery:discover_packages(recursive) discover
[0.362s] INFO:colcon.colcon_core.package_discovery:Crawling recursively for packages in '/workspaces/carma-messenger/carma-messenger-core'
[0.362s] Level 1:colcon.colcon_core.package_identification:_identify(.) by extensions ['ignore', 'ignore_ament_install']
[0.362s] Level 1:colcon.colcon_core.package_identification:_identify(.) by extension 'ignore'
[0.362s] Level 1:colcon.colcon_core.package_identification:_identify(.) by extension 'ignore_ament_install'
[0.362s] Level 1:colcon.colcon_core.package_identification:_identify(.) by extensions ['colcon_pkg']
[0.362s] Level 1:colcon.colcon_core.package_identification:_identify(.) by extension 'colcon_pkg'
[0.362s] Level 1:colcon.colcon_core.package_identification:_identify(.) by extensions ['colcon_meta']
[0.362s] Level 1:colcon.colcon_core.package_identification:_identify(.) by extension 'colcon_meta'
[0.363s] Level 1:colcon.colcon_core.package_identification:_identify(.) by extensions ['ros']
[0.363s] Level 1:colcon.colcon_core.package_identification:_identify(.) by extension 'ros'
[0.372s] Level 1:colcon.colcon_core.package_identification:_identify(.) by extensions ['cmake', 'python']
[0.373s] Level 1:colcon.colcon_core.package_identification:_identify(.) by extension 'cmake'
[0.373s] Level 1:colcon.colcon_core.package_identification:_identify(.) by extension 'python'
[0.373s] Level 1:colcon.colcon_core.package_identification:_identify(.) by extensions ['python_setup_py']
[0.373s] Level 1:colcon.colcon_core.package_identification:_identify(.) by extension 'python_setup_py'
[0.373s] Level 1:colcon.colcon_core.package_identification:_identify(carma-messenger) by extensions ['ignore', 'ignore_ament_install']
[0.373s] Level 1:colcon.colcon_core.package_identification:_identify(carma-messenger) by extension 'ignore'
[0.373s] Level 1:colcon.colcon_core.package_identification:_identify(carma-messenger) by extension 'ignore_ament_install'
[0.373s] Level 1:colcon.colcon_core.package_identification:_identify(carma-messenger) by extensions ['colcon_pkg']
[0.373s] Level 1:colcon.colcon_core.package_identification:_identify(carma-messenger) by extension 'colcon_pkg'
[0.373s] Level 1:colcon.colcon_core.package_identification:_identify(carma-messenger) by extensions ['colcon_meta']
[0.373s] Level 1:colcon.colcon_core.package_identification:_identify(carma-messenger) by extension 'colcon_meta'
[0.373s] Level 1:colcon.colcon_core.package_identification:_identify(carma-messenger) by extensions ['ros']
[0.373s] Level 1:colcon.colcon_core.package_identification:_identify(carma-messenger) by extension 'ros'
[0.377s] DEBUG:colcon.colcon_core.package_identification:Package 'carma-messenger' with type 'ros.catkin' and name 'carma-messenger'
[0.377s] Level 1:colcon.colcon_core.package_identification:_identify(cpp_message) by extensions ['ignore', 'ignore_ament_install']
[0.377s] Level 1:colcon.colcon_core.package_identification:_identify(cpp_message) by extension 'ignore'
[0.377s] Level 1:colcon.colcon_core.package_identification:_identify(cpp_message) by extension 'ignore_ament_install'
[0.377s] Level 1:colcon.colcon_core.package_identification:_identify(cpp_message) by extensions ['colcon_pkg']
[0.377s] Level 1:colcon.colcon_core.package_identification:_identify(cpp_message) by extension 'colcon_pkg'
[0.377s] Level 1:colcon.colcon_core.package_identification:_identify(cpp_message) by extensions ['colcon_meta']
[0.377s] Level 1:colcon.colcon_core.package_identification:_identify(cpp_message) by extension 'colcon_meta'
[0.377s] Level 1:colcon.colcon_core.package_identification:_identify(cpp_message) by extensions ['ros']
[0.377s] Level 1:colcon.colcon_core.package_identification:_identify(cpp_message) by extension 'ros'
[0.378s] DEBUG:colcon.colcon_core.package_identification:Package 'cpp_message' with type 'ros.ament_cmake' and name 'cpp_message'
[0.378s] Level 1:colcon.colcon_core.package_identification:_identify(docker) by extensions ['ignore', 'ignore_ament_install']
[0.379s] Level 1:colcon.colcon_core.package_identification:_identify(docker) by extension 'ignore'
[0.379s] Level 1:colcon.colcon_core.package_identification:_identify(docker) by extension 'ignore_ament_install'
[0.379s] Level 1:colcon.colcon_core.package_identification:_identify(docker) by extensions ['colcon_pkg']
[0.379s] Level 1:colcon.colcon_core.package_identification:_identify(docker) by extension 'colcon_pkg'
[0.379s] Level 1:colcon.colcon_core.package_identification:_identify(docker) by extensions ['colcon_meta']
[0.379s] Level 1:colcon.colcon_core.package_identification:_identify(docker) by extension 'colcon_meta'
[0.379s] Level 1:colcon.colcon_core.package_identification:_identify(docker) by extensions ['ros']
[0.379s] Level 1:colcon.colcon_core.package_identification:_identify(docker) by extension 'ros'
[0.379s] Level 1:colcon.colcon_core.package_identification:_identify(docker) by extensions ['cmake', 'python']
[0.379s] Level 1:colcon.colcon_core.package_identification:_identify(docker) by extension 'cmake'
[0.379s] Level 1:colcon.colcon_core.package_identification:_identify(docker) by extension 'python'
[0.379s] Level 1:colcon.colcon_core.package_identification:_identify(docker) by extensions ['python_setup_py']
[0.379s] Level 1:colcon.colcon_core.package_identification:_identify(docker) by extension 'python_setup_py'
[0.379s] Level 1:colcon.colcon_core.package_identification:_identify(emergency_response_vehicle_plugin) by extensions ['ignore', 'ignore_ament_install']
[0.379s] Level 1:colcon.colcon_core.package_identification:_identify(emergency_response_vehicle_plugin) by extension 'ignore'
[0.379s] Level 1:colcon.colcon_core.package_identification:_identify(emergency_response_vehicle_plugin) by extension 'ignore_ament_install'
[0.379s] Level 1:colcon.colcon_core.package_identification:_identify(emergency_response_vehicle_plugin) by extensions ['colcon_pkg']
[0.379s] Level 1:colcon.colcon_core.package_identification:_identify(emergency_response_vehicle_plugin) by extension 'colcon_pkg'
[0.379s] Level 1:colcon.colcon_core.package_identification:_identify(emergency_response_vehicle_plugin) by extensions ['colcon_meta']
[0.379s] Level 1:colcon.colcon_core.package_identification:_identify(emergency_response_vehicle_plugin) by extension 'colcon_meta'
[0.380s] Level 1:colcon.colcon_core.package_identification:_identify(emergency_response_vehicle_plugin) by extensions ['ros']
[0.380s] Level 1:colcon.colcon_core.package_identification:_identify(emergency_response_vehicle_plugin) by extension 'ros'
[0.381s] DEBUG:colcon.colcon_core.package_identification:Package 'emergency_response_vehicle_plugin' with type 'ros.ament_cmake' and name 'emergency_response_vehicle_plugin'
[0.381s] Level 1:colcon.colcon_core.package_identification:_identify(hooks) by extensions ['ignore', 'ignore_ament_install']
[0.381s] Level 1:colcon.colcon_core.package_identification:_identify(hooks) by extension 'ignore'
[0.381s] Level 1:colcon.colcon_core.package_identification:_identify(hooks) by extension 'ignore_ament_install'
[0.381s] Level 1:colcon.colcon_core.package_identification:_identify(hooks) by extensions ['colcon_pkg']
[0.381s] Level 1:colcon.colcon_core.package_identification:_identify(hooks) by extension 'colcon_pkg'
[0.381s] Level 1:colcon.colcon_core.package_identification:_identify(hooks) by extensions ['colcon_meta']
[0.381s] Level 1:colcon.colcon_core.package_identification:_identify(hooks) by extension 'colcon_meta'
[0.382s] Level 1:colcon.colcon_core.package_identification:_identify(hooks) by extensions ['ros']
[0.382s] Level 1:colcon.colcon_core.package_identification:_identify(hooks) by extension 'ros'
[0.382s] Level 1:colcon.colcon_core.package_identification:_identify(hooks) by extensions ['cmake', 'python']
[0.382s] Level 1:colcon.colcon_core.package_identification:_identify(hooks) by extension 'cmake'
[0.382s] Level 1:colcon.colcon_core.package_identification:_identify(hooks) by extension 'python'
[0.382s] Level 1:colcon.colcon_core.package_identification:_identify(hooks) by extensions ['python_setup_py']
[0.382s] Level 1:colcon.colcon_core.package_identification:_identify(hooks) by extension 'python_setup_py'
[0.382s] Level 1:colcon.colcon_core.package_identification:_identify(j2735_convertor) by extensions ['ignore', 'ignore_ament_install']
[0.382s] Level 1:colcon.colcon_core.package_identification:_identify(j2735_convertor) by extension 'ignore'
[0.382s] Level 1:colcon.colcon_core.package_identification:_identify(j2735_convertor) by extension 'ignore_ament_install'
[0.382s] Level 1:colcon.colcon_core.package_identification:_identify(j2735_convertor) by extensions ['colcon_pkg']
[0.382s] Level 1:colcon.colcon_core.package_identification:_identify(j2735_convertor) by extension 'colcon_pkg'
[0.382s] Level 1:colcon.colcon_core.package_identification:_identify(j2735_convertor) by extensions ['colcon_meta']
[0.382s] Level 1:colcon.colcon_core.package_identification:_identify(j2735_convertor) by extension 'colcon_meta'
[0.382s] Level 1:colcon.colcon_core.package_identification:_identify(j2735_convertor) by extensions ['ros']
[0.382s] Level 1:colcon.colcon_core.package_identification:_identify(j2735_convertor) by extension 'ros'
[0.384s] DEBUG:colcon.colcon_core.package_identification:Package 'j2735_convertor' with type 'ros.ament_cmake' and name 'j2735_convertor'
[0.384s] Level 1:colcon.colcon_core.package_identification:_identify(log) by extensions ['ignore', 'ignore_ament_install']
[0.384s] Level 1:colcon.colcon_core.package_identification:_identify(log) by extension 'ignore'
[0.384s] Level 1:colcon.colcon_core.package_identification:_identify(log) ignored
[0.384s] Level 1:colcon.colcon_core.package_identification:_identify(traffic_incident) by extensions ['ignore', 'ignore_ament_install']
[0.384s] Level 1:colcon.colcon_core.package_identification:_identify(traffic_incident) by extension 'ignore'
[0.385s] Level 1:colcon.colcon_core.package_identification:_identify(traffic_incident) by extension 'ignore_ament_install'
[0.385s] Level 1:colcon.colcon_core.package_identification:_identify(traffic_incident) by extensions ['colcon_pkg']
[0.385s] Level 1:colcon.colcon_core.package_identification:_identify(traffic_incident) by extension 'colcon_pkg'
[0.385s] Level 1:colcon.colcon_core.package_identification:_identify(traffic_incident) by extensions ['colcon_meta']
[0.385s] Level 1:colcon.colcon_core.package_identification:_identify(traffic_incident) by extension 'colcon_meta'
[0.385s] Level 1:colcon.colcon_core.package_identification:_identify(traffic_incident) by extensions ['ros']
[0.385s] Level 1:colcon.colcon_core.package_identification:_identify(traffic_incident) by extension 'ros'
[0.386s] DEBUG:colcon.colcon_core.package_identification:Package 'traffic_incident' with type 'ros.ament_cmake' and name 'traffic_incident'
[0.386s] Level 1:colcon.colcon_core.package_discovery:discover_packages(recursive) using defaults
[0.386s] Level 1:colcon.colcon_core.package_discovery:discover_packages(ignore) discover
[0.386s] Level 1:colcon.colcon_core.package_discovery:discover_packages(ignore) using defaults
[0.386s] Level 1:colcon.colcon_core.package_discovery:discover_packages(path) discover
[0.386s] Level 1:colcon.colcon_core.package_discovery:discover_packages(path) using defaults
[0.403s] INFO:colcon.colcon_core.package_selection:Skipping package 'traffic_incident' in 'traffic_incident'
[0.403s] INFO:colcon.colcon_core.package_selection:Skipping package 'j2735_convertor' in 'j2735_convertor'
[0.403s] INFO:colcon.colcon_core.package_selection:Skipping package 'emergency_response_vehicle_plugin' in 'emergency_response_vehicle_plugin'
[0.403s] INFO:colcon.colcon_core.package_selection:Skipping package 'carma-messenger' in 'carma-messenger'
[0.403s] Level 5:colcon.colcon_core.verb:set package 'cpp_message' build argument 'cmake_args' from command line to '['-DCMAKE_BUILD_TYPE=Release']'
[0.403s] Level 5:colcon.colcon_core.verb:set package 'cpp_message' build argument 'cmake_target' from command line to 'None'
[0.404s] Level 5:colcon.colcon_core.verb:set package 'cpp_message' build argument 'cmake_target_skip_unavailable' from command line to 'False'
[0.404s] Level 5:colcon.colcon_core.verb:set package 'cpp_message' build argument 'cmake_clean_cache' from command line to 'False'
[0.404s] Level 5:colcon.colcon_core.verb:set package 'cpp_message' build argument 'cmake_clean_first' from command line to 'False'
[0.404s] Level 5:colcon.colcon_core.verb:set package 'cpp_message' build argument 'cmake_force_configure' from command line to 'False'
[0.404s] Level 5:colcon.colcon_core.verb:set package 'cpp_message' build argument 'ament_cmake_args' from command line to 'None'
[0.404s] Level 5:colcon.colcon_core.verb:set package 'cpp_message' build argument 'catkin_cmake_args' from command line to 'None'
[0.404s] Level 5:colcon.colcon_core.verb:set package 'cpp_message' build argument 'catkin_skip_building_tests' from command line to 'False'
[0.404s] DEBUG:colcon.colcon_core.verb:Building package 'cpp_message' with the following arguments: {'ament_cmake_args': None, 'build_base': '/home/carma/build_ros2/cpp_message', 'catkin_cmake_args': None, 'catkin_skip_building_tests': False, 'cmake_args': ['-DCMAKE_BUILD_TYPE=Release'], 'cmake_clean_cache': False, 'cmake_clean_first': False, 'cmake_force_configure': False, 'cmake_target': None, 'cmake_target_skip_unavailable': False, 'install_base': '/opt/carma/install_ros2/cpp_message', 'merge_install': False, 'path': '/workspaces/carma-messenger/carma-messenger-core/cpp_message', 'symlink_install': False, 'test_result_base': None}
[0.404s] INFO:colcon.colcon_core.executor:Executing jobs using 'parallel' executor
[0.405s] DEBUG:colcon.colcon_parallel_executor.executor.parallel:run_until_complete
[0.405s] INFO:colcon.colcon_ros.task.ament_cmake.build:Building ROS package in '/workspaces/carma-messenger/carma-messenger-core/cpp_message' with build type 'ament_cmake'
[0.405s] INFO:colcon.colcon_cmake.task.cmake.build:Building CMake package in '/workspaces/carma-messenger/carma-messenger-core/cpp_message'
[0.408s] INFO:colcon.colcon_core.plugin_system:Skipping extension 'colcon_core.shell.bat': Not used on non-Windows systems
[0.409s] INFO:colcon.colcon_core.shell:Skip shell extension 'powershell' for command environment: Not usable outside of PowerShell
[0.409s] DEBUG:colcon.colcon_core.shell:Skip shell extension 'dsv' for command environment
[0.423s] DEBUG:colcon.colcon_core.event_handler.log_command:Invoking command in '/home/carma/build_ros2/cpp_message': CMAKE_PREFIX_PATH=/opt/carma/install/carma_message_utilities:/opt/carma/install/carma_launch_testing:${CMAKE_PREFIX_PATH} /usr/bin/cmake --build /home/carma/build_ros2/cpp_message -- -j8 -l8
[0.480s] DEBUG:colcon.colcon_core.event_handler.log_command:Invoked command in '/home/carma/build_ros2/cpp_message' returned '0': CMAKE_PREFIX_PATH=/opt/carma/install/carma_message_utilities:/opt/carma/install/carma_launch_testing:${CMAKE_PREFIX_PATH} /usr/bin/cmake --build /home/carma/build_ros2/cpp_message -- -j8 -l8
[0.498s] WARNING:colcon.colcon_cmake.task.cmake.build:Could not run installation step for package 'cpp_message' because it has no 'install' target
[0.498s] Level 1:colcon.colcon_core.environment:create_environment_scripts_only(cpp_message)
[0.502s] Level 1:colcon.colcon_core.environment:checking '/opt/carma/install_ros2/cpp_message' for CMake module files
[0.502s] Level 1:colcon.colcon_core.environment:checking '/opt/carma/install_ros2/cpp_message' for CMake config files
[0.503s] Level 1:colcon.colcon_core.shell:create_environment_hook('cpp_message', 'cmake_prefix_path')
[0.503s] INFO:colcon.colcon_core.shell:Creating environment hook '/opt/carma/install_ros2/cpp_message/share/cpp_message/hook/cmake_prefix_path.ps1'
[0.504s] INFO:colcon.colcon_core.shell:Creating environment descriptor '/opt/carma/install_ros2/cpp_message/share/cpp_message/hook/cmake_prefix_path.dsv'
[0.504s] INFO:colcon.colcon_core.shell:Creating environment hook '/opt/carma/install_ros2/cpp_message/share/cpp_message/hook/cmake_prefix_path.sh'
[0.506s] Level 1:colcon.colcon_core.environment:checking '/opt/carma/install_ros2/cpp_message/lib'
[0.507s] Level 1:colcon.colcon_core.shell:create_environment_hook('cpp_message', 'ld_library_path_lib')
[0.507s] INFO:colcon.colcon_core.shell:Creating environment hook '/opt/carma/install_ros2/cpp_message/share/cpp_message/hook/ld_library_path_lib.ps1'
[0.508s] INFO:colcon.colcon_core.shell:Creating environment descriptor '/opt/carma/install_ros2/cpp_message/share/cpp_message/hook/ld_library_path_lib.dsv'
[0.508s] INFO:colcon.colcon_core.shell:Creating environment hook '/opt/carma/install_ros2/cpp_message/share/cpp_message/hook/ld_library_path_lib.sh'
[0.509s] Level 1:colcon.colcon_core.environment:checking '/opt/carma/install_ros2/cpp_message/bin'
[0.510s] Level 1:colcon.colcon_core.environment:checking '/opt/carma/install_ros2/cpp_message/lib/pkgconfig/cpp_message.pc'
[0.511s] Level 1:colcon.colcon_core.environment:checking '/opt/carma/install_ros2/cpp_message/lib/python3.8/site-packages'
[0.512s] Level 1:colcon.colcon_core.environment:checking '/opt/carma/install_ros2/cpp_message/bin'
[0.512s] INFO:colcon.colcon_core.shell:Creating package script '/opt/carma/install_ros2/cpp_message/share/cpp_message/package.ps1'
[0.514s] INFO:colcon.colcon_core.shell:Creating package descriptor '/opt/carma/install_ros2/cpp_message/share/cpp_message/package.dsv'
[0.515s] INFO:colcon.colcon_core.shell:Creating package script '/opt/carma/install_ros2/cpp_message/share/cpp_message/package.sh'
[0.518s] INFO:colcon.colcon_core.shell:Creating package script '/opt/carma/install_ros2/cpp_message/share/cpp_message/package.bash'
[0.520s] INFO:colcon.colcon_core.shell:Creating package script '/opt/carma/install_ros2/cpp_message/share/cpp_message/package.zsh'
[0.521s] Level 1:colcon.colcon_core.environment:create_file_with_runtime_dependencies(/opt/carma/install_ros2/cpp_message/share/colcon-core/packages/cpp_message)
[0.552s] Level 1:colcon.colcon_core.environment:create_environment_scripts_only(cpp_message)
[0.553s] Level 1:colcon.colcon_core.environment:checking '/opt/carma/install_ros2/cpp_message' for CMake module files
[0.554s] Level 1:colcon.colcon_core.environment:checking '/opt/carma/install_ros2/cpp_message' for CMake config files
[0.555s] Level 1:colcon.colcon_core.shell:create_environment_hook('cpp_message', 'cmake_prefix_path')
[0.555s] INFO:colcon.colcon_core.shell:Creating environment hook '/opt/carma/install_ros2/cpp_message/share/cpp_message/hook/cmake_prefix_path.ps1'
[0.556s] INFO:colcon.colcon_core.shell:Creating environment descriptor '/opt/carma/install_ros2/cpp_message/share/cpp_message/hook/cmake_prefix_path.dsv'
[0.557s] INFO:colcon.colcon_core.shell:Creating environment hook '/opt/carma/install_ros2/cpp_message/share/cpp_message/hook/cmake_prefix_path.sh'
[0.558s] Level 1:colcon.colcon_core.environment:checking '/opt/carma/install_ros2/cpp_message/lib'
[0.558s] Level 1:colcon.colcon_core.shell:create_environment_hook('cpp_message', 'ld_library_path_lib')
[0.559s] INFO:colcon.colcon_core.shell:Creating environment hook '/opt/carma/install_ros2/cpp_message/share/cpp_message/hook/ld_library_path_lib.ps1'
[0.560s] INFO:colcon.colcon_core.shell:Creating environment descriptor '/opt/carma/install_ros2/cpp_message/share/cpp_message/hook/ld_library_path_lib.dsv'
[0.561s] INFO:colcon.colcon_core.shell:Creating environment hook '/opt/carma/install_ros2/cpp_message/share/cpp_message/hook/ld_library_path_lib.sh'
[0.562s] Level 1:colcon.colcon_core.environment:checking '/opt/carma/install_ros2/cpp_message/bin'
[0.562s] Level 1:colcon.colcon_core.environment:checking '/opt/carma/install_ros2/cpp_message/lib/pkgconfig/cpp_message.pc'
[0.562s] Level 1:colcon.colcon_core.environment:checking '/opt/carma/install_ros2/cpp_message/lib/python3.8/site-packages'
[0.562s] Level 1:colcon.colcon_core.environment:checking '/opt/carma/install_ros2/cpp_message/bin'
[0.563s] INFO:colcon.colcon_core.shell:Creating package script '/opt/carma/install_ros2/cpp_message/share/cpp_message/package.ps1'
[0.564s] INFO:colcon.colcon_core.shell:Creating package descriptor '/opt/carma/install_ros2/cpp_message/share/cpp_message/package.dsv'
[0.565s] INFO:colcon.colcon_core.shell:Creating package script '/opt/carma/install_ros2/cpp_message/share/cpp_message/package.sh'
[0.566s] INFO:colcon.colcon_core.shell:Creating package script '/opt/carma/install_ros2/cpp_message/share/cpp_message/package.bash'
[0.567s] INFO:colcon.colcon_core.shell:Creating package script '/opt/carma/install_ros2/cpp_message/share/cpp_message/package.zsh'
[0.568s] Level 1:colcon.colcon_core.environment:create_file_with_runtime_dependencies(/opt/carma/install_ros2/cpp_message/share/colcon-core/packages/cpp_message)
[0.569s] DEBUG:colcon.colcon_parallel_executor.executor.parallel:closing loop
[0.569s] DEBUG:colcon.colcon_parallel_executor.executor.parallel:loop closed
[0.569s] DEBUG:colcon.colcon_parallel_executor.executor.parallel:run_until_complete finished with '0'
[0.569s] DEBUG:colcon.colcon_core.event_reactor:joining thread
[0.591s] INFO:colcon.colcon_core.plugin_system:Skipping extension 'colcon_notification.desktop_notification.notify_send': Could not find 'notify-send'
[0.591s] INFO:colcon.colcon_core.plugin_system:Skipping extension 'colcon_notification.desktop_notification.terminal_notifier': Not used on non-Darwin systems
[0.591s] INFO:colcon.colcon_core.plugin_system:Skipping extension 'colcon_notification.desktop_notification.win32': Not used on non-Windows systems
[0.591s] INFO:colcon.colcon_notification.desktop_notification:Sending desktop notification using 'notify2'
[0.594s] DEBUG:colcon.colcon_notification.desktop_notification.notify2:Failed to initialize notify2: org.freedesktop.DBus.Error.Spawn.ExecFailed: /usr/bin/dbus-launch terminated abnormally without any error message
[0.594s] DEBUG:colcon.colcon_core.event_reactor:joined thread
[0.595s] INFO:colcon.colcon_core.shell:Creating prefix script '/opt/carma/install_ros2/local_setup.ps1'
[0.596s] INFO:colcon.colcon_core.shell:Creating prefix util module '/opt/carma/install_ros2/_local_setup_util_ps1.py'
[0.598s] INFO:colcon.colcon_core.shell:Creating prefix chain script '/opt/carma/install_ros2/setup.ps1'
[0.600s] INFO:colcon.colcon_core.shell:Creating prefix script '/opt/carma/install_ros2/local_setup.sh'
[0.601s] INFO:colcon.colcon_core.shell:Creating prefix util module '/opt/carma/install_ros2/_local_setup_util_sh.py'
[0.602s] INFO:colcon.colcon_core.shell:Creating prefix chain script '/opt/carma/install_ros2/setup.sh'
[0.604s] INFO:colcon.colcon_core.shell:Creating prefix script '/opt/carma/install_ros2/local_setup.bash'
[0.606s] INFO:colcon.colcon_core.shell:Creating prefix chain script '/opt/carma/install_ros2/setup.bash'
[0.608s] INFO:colcon.colcon_core.shell:Creating prefix script '/opt/carma/install_ros2/local_setup.zsh'
[0.609s] INFO:colcon.colcon_core.shell:Creating prefix chain script '/opt/carma/install_ros2/setup.zsh'
