[0.203s] DEBUG:colcon:Command line arguments: ['/usr/bin/colcon', 'build', '--cmake-args', '-DCMAKE_BUILD_TYPE=Release', '--build-base', '/home/carma/build_ros2', '--install-base', '/opt/carma/install_ros2', '--packages-up-to', 'cpp_message']
[0.203s] DEBUG:colcon:Parsed command line arguments: Namespace(ament_cmake_args=None, base_paths=['.'], build_base='/home/carma/build_ros2', catkin_cmake_args=None, catkin_skip_building_tests=False, cmake_args=['-DCMAKE_BUILD_TYPE=Release'], cmake_clean_cache=False, cmake_clean_first=False, cmake_force_configure=False, cmake_target=None, cmake_target_skip_unavailable=False, continue_on_error=False, event_handlers=None, executor='parallel', ignore_user_meta=False, install_base='/opt/carma/install_ros2', log_base=None, log_level=None, main=<bound method BuildVerb.main of <colcon_core.verb.build.BuildVerb object at 0x7f913ee63940>>, merge_install=False, metas=['./colcon.meta'], packages_above=None, packages_above_and_dependencies=None, packages_above_depth=None, packages_end=None, packages_ignore=None, packages_ignore_regex=None, packages_select=None, packages_select_build_failed=False, packages_select_by_dep=None, packages_select_regex=None, packages_select_test_failures=False, packages_skip=None, packages_skip_build_finished=False, packages_skip_by_dep=None, packages_skip_regex=None, packages_skip_test_passed=False, packages_skip_up_to=None, packages_start=None, packages_up_to=['cpp_message'], packages_up_to_regex=None, parallel_workers=8, paths=None, symlink_install=False, test_result_base=None, verb_extension=<colcon_core.verb.build.BuildVerb object at 0x7f913ee63940>, verb_name='build', verb_parser=<colcon_defaults.argument_parser.defaults.DefaultArgumentsDecorator object at 0x7f913edafdc0>)
[0.367s] Level 1:colcon.colcon_core.package_discovery:discover_packages(colcon_meta) check parameters
[0.367s] Level 1:colcon.colcon_core.package_discovery:discover_packages(recursive) check parameters
[0.367s] Level 1:colcon.colcon_core.package_discovery:discover_packages(ignore) check parameters
[0.367s] Level 1:colcon.colcon_core.package_discovery:discover_packages(path) check parameters
[0.367s] Level 1:colcon.colcon_core.package_discovery:discover_packages(colcon_meta) discover
[0.367s] Level 1:colcon.colcon_core.package_discovery:discover_packages(recursive) discover
[0.367s] INFO:colcon.colcon_core.package_discovery:Crawling recursively for packages in '/workspaces/carma-messenger/carma-messenger-core'
[0.368s] Level 1:colcon.colcon_core.package_identification:_identify(.) by extensions ['ignore', 'ignore_ament_install']
[0.368s] Level 1:colcon.colcon_core.package_identification:_identify(.) by extension 'ignore'
[0.368s] Level 1:colcon.colcon_core.package_identification:_identify(.) by extension 'ignore_ament_install'
[0.368s] Level 1:colcon.colcon_core.package_identification:_identify(.) by extensions ['colcon_pkg']
[0.368s] Level 1:colcon.colcon_core.package_identification:_identify(.) by extension 'colcon_pkg'
[0.368s] Level 1:colcon.colcon_core.package_identification:_identify(.) by extensions ['colcon_meta']
[0.368s] Level 1:colcon.colcon_core.package_identification:_identify(.) by extension 'colcon_meta'
[0.368s] Level 1:colcon.colcon_core.package_identification:_identify(.) by extensions ['ros']
[0.368s] Level 1:colcon.colcon_core.package_identification:_identify(.) by extension 'ros'
[0.378s] Level 1:colcon.colcon_core.package_identification:_identify(.) by extensions ['cmake', 'python']
[0.378s] Level 1:colcon.colcon_core.package_identification:_identify(.) by extension 'cmake'
[0.378s] Level 1:colcon.colcon_core.package_identification:_identify(.) by extension 'python'
[0.378s] Level 1:colcon.colcon_core.package_identification:_identify(.) by extensions ['python_setup_py']
[0.378s] Level 1:colcon.colcon_core.package_identification:_identify(.) by extension 'python_setup_py'
[0.378s] Level 1:colcon.colcon_core.package_identification:_identify(carma-messenger) by extensions ['ignore', 'ignore_ament_install']
[0.379s] Level 1:colcon.colcon_core.package_identification:_identify(carma-messenger) by extension 'ignore'
[0.379s] Level 1:colcon.colcon_core.package_identification:_identify(carma-messenger) by extension 'ignore_ament_install'
[0.379s] Level 1:colcon.colcon_core.package_identification:_identify(carma-messenger) by extensions ['colcon_pkg']
[0.379s] Level 1:colcon.colcon_core.package_identification:_identify(carma-messenger) by extension 'colcon_pkg'
[0.379s] Level 1:colcon.colcon_core.package_identification:_identify(carma-messenger) by extensions ['colcon_meta']
[0.379s] Level 1:colcon.colcon_core.package_identification:_identify(carma-messenger) by extension 'colcon_meta'
[0.379s] Level 1:colcon.colcon_core.package_identification:_identify(carma-messenger) by extensions ['ros']
[0.379s] Level 1:colcon.colcon_core.package_identification:_identify(carma-messenger) by extension 'ros'
[0.383s] DEBUG:colcon.colcon_core.package_identification:Package 'carma-messenger' with type 'ros.catkin' and name 'carma-messenger'
[0.383s] Level 1:colcon.colcon_core.package_identification:_identify(cpp_message) by extensions ['ignore', 'ignore_ament_install']
[0.383s] Level 1:colcon.colcon_core.package_identification:_identify(cpp_message) by extension 'ignore'
[0.383s] Level 1:colcon.colcon_core.package_identification:_identify(cpp_message) by extension 'ignore_ament_install'
[0.383s] Level 1:colcon.colcon_core.package_identification:_identify(cpp_message) by extensions ['colcon_pkg']
[0.383s] Level 1:colcon.colcon_core.package_identification:_identify(cpp_message) by extension 'colcon_pkg'
[0.383s] Level 1:colcon.colcon_core.package_identification:_identify(cpp_message) by extensions ['colcon_meta']
[0.383s] Level 1:colcon.colcon_core.package_identification:_identify(cpp_message) by extension 'colcon_meta'
[0.383s] Level 1:colcon.colcon_core.package_identification:_identify(cpp_message) by extensions ['ros']
[0.383s] Level 1:colcon.colcon_core.package_identification:_identify(cpp_message) by extension 'ros'
[0.384s] DEBUG:colcon.colcon_core.package_identification:Package 'cpp_message' with type 'ros.ament_cmake' and name 'cpp_message'
[0.384s] Level 1:colcon.colcon_core.package_identification:_identify(docker) by extensions ['ignore', 'ignore_ament_install']
[0.384s] Level 1:colcon.colcon_core.package_identification:_identify(docker) by extension 'ignore'
[0.385s] Level 1:colcon.colcon_core.package_identification:_identify(docker) by extension 'ignore_ament_install'
[0.385s] Level 1:colcon.colcon_core.package_identification:_identify(docker) by extensions ['colcon_pkg']
[0.385s] Level 1:colcon.colcon_core.package_identification:_identify(docker) by extension 'colcon_pkg'
[0.385s] Level 1:colcon.colcon_core.package_identification:_identify(docker) by extensions ['colcon_meta']
[0.385s] Level 1:colcon.colcon_core.package_identification:_identify(docker) by extension 'colcon_meta'
[0.385s] Level 1:colcon.colcon_core.package_identification:_identify(docker) by extensions ['ros']
[0.385s] Level 1:colcon.colcon_core.package_identification:_identify(docker) by extension 'ros'
[0.385s] Level 1:colcon.colcon_core.package_identification:_identify(docker) by extensions ['cmake', 'python']
[0.385s] Level 1:colcon.colcon_core.package_identification:_identify(docker) by extension 'cmake'
[0.385s] Level 1:colcon.colcon_core.package_identification:_identify(docker) by extension 'python'
[0.385s] Level 1:colcon.colcon_core.package_identification:_identify(docker) by extensions ['python_setup_py']
[0.385s] Level 1:colcon.colcon_core.package_identification:_identify(docker) by extension 'python_setup_py'
[0.385s] Level 1:colcon.colcon_core.package_identification:_identify(emergency_response_vehicle_plugin) by extensions ['ignore', 'ignore_ament_install']
[0.385s] Level 1:colcon.colcon_core.package_identification:_identify(emergency_response_vehicle_plugin) by extension 'ignore'
[0.385s] Level 1:colcon.colcon_core.package_identification:_identify(emergency_response_vehicle_plugin) by extension 'ignore_ament_install'
[0.385s] Level 1:colcon.colcon_core.package_identification:_identify(emergency_response_vehicle_plugin) by extensions ['colcon_pkg']
[0.385s] Level 1:colcon.colcon_core.package_identification:_identify(emergency_response_vehicle_plugin) by extension 'colcon_pkg'
[0.385s] Level 1:colcon.colcon_core.package_identification:_identify(emergency_response_vehicle_plugin) by extensions ['colcon_meta']
[0.385s] Level 1:colcon.colcon_core.package_identification:_identify(emergency_response_vehicle_plugin) by extension 'colcon_meta'
[0.385s] Level 1:colcon.colcon_core.package_identification:_identify(emergency_response_vehicle_plugin) by extensions ['ros']
[0.385s] Level 1:colcon.colcon_core.package_identification:_identify(emergency_response_vehicle_plugin) by extension 'ros'
[0.386s] DEBUG:colcon.colcon_core.package_identification:Package 'emergency_response_vehicle_plugin' with type 'ros.ament_cmake' and name 'emergency_response_vehicle_plugin'
[0.386s] Level 1:colcon.colcon_core.package_identification:_identify(hooks) by extensions ['ignore', 'ignore_ament_install']
[0.387s] Level 1:colcon.colcon_core.package_identification:_identify(hooks) by extension 'ignore'
[0.387s] Level 1:colcon.colcon_core.package_identification:_identify(hooks) by extension 'ignore_ament_install'
[0.387s] Level 1:colcon.colcon_core.package_identification:_identify(hooks) by extensions ['colcon_pkg']
[0.387s] Level 1:colcon.colcon_core.package_identification:_identify(hooks) by extension 'colcon_pkg'
[0.387s] Level 1:colcon.colcon_core.package_identification:_identify(hooks) by extensions ['colcon_meta']
[0.387s] Level 1:colcon.colcon_core.package_identification:_identify(hooks) by extension 'colcon_meta'
[0.387s] Level 1:colcon.colcon_core.package_identification:_identify(hooks) by extensions ['ros']
[0.387s] Level 1:colcon.colcon_core.package_identification:_identify(hooks) by extension 'ros'
[0.387s] Level 1:colcon.colcon_core.package_identification:_identify(hooks) by extensions ['cmake', 'python']
[0.387s] Level 1:colcon.colcon_core.package_identification:_identify(hooks) by extension 'cmake'
[0.387s] Level 1:colcon.colcon_core.package_identification:_identify(hooks) by extension 'python'
[0.387s] Level 1:colcon.colcon_core.package_identification:_identify(hooks) by extensions ['python_setup_py']
[0.387s] Level 1:colcon.colcon_core.package_identification:_identify(hooks) by extension 'python_setup_py'
[0.387s] Level 1:colcon.colcon_core.package_identification:_identify(j2735_convertor) by extensions ['ignore', 'ignore_ament_install']
[0.387s] Level 1:colcon.colcon_core.package_identification:_identify(j2735_convertor) by extension 'ignore'
[0.387s] Level 1:colcon.colcon_core.package_identification:_identify(j2735_convertor) by extension 'ignore_ament_install'
[0.387s] Level 1:colcon.colcon_core.package_identification:_identify(j2735_convertor) by extensions ['colcon_pkg']
[0.387s] Level 1:colcon.colcon_core.package_identification:_identify(j2735_convertor) by extension 'colcon_pkg'
[0.387s] Level 1:colcon.colcon_core.package_identification:_identify(j2735_convertor) by extensions ['colcon_meta']
[0.387s] Level 1:colcon.colcon_core.package_identification:_identify(j2735_convertor) by extension 'colcon_meta'
[0.388s] Level 1:colcon.colcon_core.package_identification:_identify(j2735_convertor) by extensions ['ros']
[0.388s] Level 1:colcon.colcon_core.package_identification:_identify(j2735_convertor) by extension 'ros'
[0.389s] DEBUG:colcon.colcon_core.package_identification:Package 'j2735_convertor' with type 'ros.ament_cmake' and name 'j2735_convertor'
[0.389s] Level 1:colcon.colcon_core.package_identification:_identify(lib_asn1c) by extensions ['ignore', 'ignore_ament_install']
[0.389s] Level 1:colcon.colcon_core.package_identification:_identify(lib_asn1c) by extension 'ignore'
[0.389s] Level 1:colcon.colcon_core.package_identification:_identify(lib_asn1c) by extension 'ignore_ament_install'
[0.389s] Level 1:colcon.colcon_core.package_identification:_identify(lib_asn1c) by extensions ['colcon_pkg']
[0.389s] Level 1:colcon.colcon_core.package_identification:_identify(lib_asn1c) by extension 'colcon_pkg'
[0.389s] Level 1:colcon.colcon_core.package_identification:_identify(lib_asn1c) by extensions ['colcon_meta']
[0.390s] Level 1:colcon.colcon_core.package_identification:_identify(lib_asn1c) by extension 'colcon_meta'
[0.390s] Level 1:colcon.colcon_core.package_identification:_identify(lib_asn1c) by extensions ['ros']
[0.390s] Level 1:colcon.colcon_core.package_identification:_identify(lib_asn1c) by extension 'ros'
[0.391s] DEBUG:colcon.colcon_core.package_identification:Package 'lib_asn1c' with type 'ros.catkin' and name 'asn1c'
[0.391s] Level 1:colcon.colcon_core.package_identification:_identify(log) by extensions ['ignore', 'ignore_ament_install']
[0.391s] Level 1:colcon.colcon_core.package_identification:_identify(log) by extension 'ignore'
[0.391s] Level 1:colcon.colcon_core.package_identification:_identify(log) ignored
[0.391s] Level 1:colcon.colcon_core.package_identification:_identify(traffic_incident) by extensions ['ignore', 'ignore_ament_install']
[0.391s] Level 1:colcon.colcon_core.package_identification:_identify(traffic_incident) by extension 'ignore'
[0.391s] Level 1:colcon.colcon_core.package_identification:_identify(traffic_incident) by extension 'ignore_ament_install'
[0.391s] Level 1:colcon.colcon_core.package_identification:_identify(traffic_incident) by extensions ['colcon_pkg']
[0.392s] Level 1:colcon.colcon_core.package_identification:_identify(traffic_incident) by extension 'colcon_pkg'
[0.392s] Level 1:colcon.colcon_core.package_identification:_identify(traffic_incident) by extensions ['colcon_meta']
[0.392s] Level 1:colcon.colcon_core.package_identification:_identify(traffic_incident) by extension 'colcon_meta'
[0.392s] Level 1:colcon.colcon_core.package_identification:_identify(traffic_incident) by extensions ['ros']
[0.392s] Level 1:colcon.colcon_core.package_identification:_identify(traffic_incident) by extension 'ros'
[0.393s] DEBUG:colcon.colcon_core.package_identification:Package 'traffic_incident' with type 'ros.ament_cmake' and name 'traffic_incident'
[0.393s] Level 1:colcon.colcon_core.package_discovery:discover_packages(recursive) using defaults
[0.393s] Level 1:colcon.colcon_core.package_discovery:discover_packages(ignore) discover
[0.393s] Level 1:colcon.colcon_core.package_discovery:discover_packages(ignore) using defaults
[0.393s] Level 1:colcon.colcon_core.package_discovery:discover_packages(path) discover
[0.393s] Level 1:colcon.colcon_core.package_discovery:discover_packages(path) using defaults
[0.408s] INFO:colcon.colcon_core.package_selection:Skipping package 'traffic_incident' in 'traffic_incident'
[0.408s] INFO:colcon.colcon_core.package_selection:Skipping package 'j2735_convertor' in 'j2735_convertor'
[0.408s] INFO:colcon.colcon_core.package_selection:Skipping package 'emergency_response_vehicle_plugin' in 'emergency_response_vehicle_plugin'
[0.408s] INFO:colcon.colcon_core.package_selection:Skipping package 'carma-messenger' in 'carma-messenger'
[0.409s] Level 5:colcon.colcon_core.verb:set package 'asn1c' build argument 'cmake_args' from command line to '['-DCMAKE_BUILD_TYPE=Release']'
[0.409s] Level 5:colcon.colcon_core.verb:set package 'asn1c' build argument 'cmake_target' from command line to 'None'
[0.409s] Level 5:colcon.colcon_core.verb:set package 'asn1c' build argument 'cmake_target_skip_unavailable' from command line to 'False'
[0.409s] Level 5:colcon.colcon_core.verb:set package 'asn1c' build argument 'cmake_clean_cache' from command line to 'False'
[0.409s] Level 5:colcon.colcon_core.verb:set package 'asn1c' build argument 'cmake_clean_first' from command line to 'False'
[0.409s] Level 5:colcon.colcon_core.verb:set package 'asn1c' build argument 'cmake_force_configure' from command line to 'False'
[0.409s] Level 5:colcon.colcon_core.verb:set package 'asn1c' build argument 'ament_cmake_args' from command line to 'None'
[0.409s] Level 5:colcon.colcon_core.verb:set package 'asn1c' build argument 'catkin_cmake_args' from command line to 'None'
[0.409s] Level 5:colcon.colcon_core.verb:set package 'asn1c' build argument 'catkin_skip_building_tests' from command line to 'False'
[0.409s] DEBUG:colcon.colcon_core.verb:Building package 'asn1c' with the following arguments: {'ament_cmake_args': None, 'build_base': '/home/carma/build_ros2/asn1c', 'catkin_cmake_args': None, 'catkin_skip_building_tests': False, 'cmake_args': ['-DCMAKE_BUILD_TYPE=Release'], 'cmake_clean_cache': False, 'cmake_clean_first': False, 'cmake_force_configure': False, 'cmake_target': None, 'cmake_target_skip_unavailable': False, 'install_base': '/opt/carma/install_ros2/asn1c', 'merge_install': False, 'path': '/workspaces/carma-messenger/carma-messenger-core/lib_asn1c', 'symlink_install': False, 'test_result_base': None}
[0.410s] Level 5:colcon.colcon_core.verb:set package 'cpp_message' build argument 'cmake_args' from command line to '['-DCMAKE_BUILD_TYPE=Release']'
[0.410s] Level 5:colcon.colcon_core.verb:set package 'cpp_message' build argument 'cmake_target' from command line to 'None'
[0.410s] Level 5:colcon.colcon_core.verb:set package 'cpp_message' build argument 'cmake_target_skip_unavailable' from command line to 'False'
[0.410s] Level 5:colcon.colcon_core.verb:set package 'cpp_message' build argument 'cmake_clean_cache' from command line to 'False'
[0.410s] Level 5:colcon.colcon_core.verb:set package 'cpp_message' build argument 'cmake_clean_first' from command line to 'False'
[0.410s] Level 5:colcon.colcon_core.verb:set package 'cpp_message' build argument 'cmake_force_configure' from command line to 'False'
[0.410s] Level 5:colcon.colcon_core.verb:set package 'cpp_message' build argument 'ament_cmake_args' from command line to 'None'
[0.410s] Level 5:colcon.colcon_core.verb:set package 'cpp_message' build argument 'catkin_cmake_args' from command line to 'None'
[0.410s] Level 5:colcon.colcon_core.verb:set package 'cpp_message' build argument 'catkin_skip_building_tests' from command line to 'False'
[0.410s] DEBUG:colcon.colcon_core.verb:Building package 'cpp_message' with the following arguments: {'ament_cmake_args': None, 'build_base': '/home/carma/build_ros2/cpp_message', 'catkin_cmake_args': None, 'catkin_skip_building_tests': False, 'cmake_args': ['-DCMAKE_BUILD_TYPE=Release'], 'cmake_clean_cache': False, 'cmake_clean_first': False, 'cmake_force_configure': False, 'cmake_target': None, 'cmake_target_skip_unavailable': False, 'install_base': '/opt/carma/install_ros2/cpp_message', 'merge_install': False, 'path': '/workspaces/carma-messenger/carma-messenger-core/cpp_message', 'symlink_install': False, 'test_result_base': None}
[0.410s] INFO:colcon.colcon_core.executor:Executing jobs using 'parallel' executor
[0.411s] DEBUG:colcon.colcon_parallel_executor.executor.parallel:run_until_complete
[0.412s] INFO:colcon.colcon_ros.task.catkin.build:Building ROS package in '/workspaces/carma-messenger/carma-messenger-core/lib_asn1c' with build type 'catkin'
[0.412s] INFO:colcon.colcon_cmake.task.cmake.build:Building CMake package in '/workspaces/carma-messenger/carma-messenger-core/lib_asn1c'
[0.414s] INFO:colcon.colcon_core.plugin_system:Skipping extension 'colcon_core.shell.bat': Not used on non-Windows systems
[0.415s] INFO:colcon.colcon_core.shell:Skip shell extension 'powershell' for command environment: Not usable outside of PowerShell
[0.415s] DEBUG:colcon.colcon_core.shell:Skip shell extension 'dsv' for command environment
[0.427s] DEBUG:colcon.colcon_core.event_handler.log_command:Invoking command in '/home/carma/build_ros2/asn1c': /usr/bin/cmake /workspaces/carma-messenger/carma-messenger-core/lib_asn1c -DCMAKE_BUILD_TYPE=Release -DCATKIN_INSTALL_INTO_PREFIX_ROOT=0 -DCMAKE_INSTALL_PREFIX=/opt/carma/install_ros2/asn1c
[2.015s] DEBUG:colcon.colcon_core.event_handler.log_command:Invoked command in '/home/carma/build_ros2/asn1c' returned '0': /usr/bin/cmake /workspaces/carma-messenger/carma-messenger-core/lib_asn1c -DCMAKE_BUILD_TYPE=Release -DCATKIN_INSTALL_INTO_PREFIX_ROOT=0 -DCMAKE_INSTALL_PREFIX=/opt/carma/install_ros2/asn1c
[2.019s] DEBUG:colcon.colcon_core.event_handler.log_command:Invoking command in '/home/carma/build_ros2/asn1c': /usr/bin/cmake --build /home/carma/build_ros2/asn1c -- -j8 -l8
[2.066s] DEBUG:colcon.colcon_core.event_handler.log_command:Invoked command in '/home/carma/build_ros2/asn1c' returned '0': /usr/bin/cmake --build /home/carma/build_ros2/asn1c -- -j8 -l8
[2.108s] DEBUG:colcon.colcon_core.event_handler.log_command:Invoking command in '/home/carma/build_ros2/asn1c': /usr/bin/cmake --build /home/carma/build_ros2/asn1c --target tests -- -j8 -l8
[2.205s] DEBUG:colcon.colcon_core.event_handler.log_command:Invoked command in '/home/carma/build_ros2/asn1c' returned '0': /usr/bin/cmake --build /home/carma/build_ros2/asn1c --target tests -- -j8 -l8
[2.261s] DEBUG:colcon.colcon_core.event_handler.log_command:Invoking command in '/home/carma/build_ros2/asn1c': /usr/bin/cmake --install /home/carma/build_ros2/asn1c
[2.282s] DEBUG:colcon.colcon_core.event_handler.log_command:Invoked command in '/home/carma/build_ros2/asn1c' returned '0': /usr/bin/cmake --install /home/carma/build_ros2/asn1c
[2.317s] Level 1:colcon.colcon_core.shell:create_environment_hook('asn1c', 'ros_package_path')
[2.318s] INFO:colcon.colcon_core.shell:Creating environment hook '/opt/carma/install_ros2/asn1c/share/asn1c/hook/ros_package_path.ps1'
[2.318s] INFO:colcon.colcon_core.shell:Creating environment descriptor '/opt/carma/install_ros2/asn1c/share/asn1c/hook/ros_package_path.dsv'
[2.319s] INFO:colcon.colcon_core.shell:Creating environment hook '/opt/carma/install_ros2/asn1c/share/asn1c/hook/ros_package_path.sh'
[2.320s] Level 1:colcon.colcon_ros.task.catkin:checking '/opt/carma/install_ros2/asn1c/lib/python3/dist-packages'
[2.320s] Level 1:colcon.colcon_core.shell:create_environment_hook('asn1c', 'pkg_config_path')
[2.320s] INFO:colcon.colcon_core.shell:Creating environment hook '/opt/carma/install_ros2/asn1c/share/asn1c/hook/pkg_config_path.ps1'
[2.321s] INFO:colcon.colcon_core.shell:Creating environment descriptor '/opt/carma/install_ros2/asn1c/share/asn1c/hook/pkg_config_path.dsv'
[2.321s] INFO:colcon.colcon_core.shell:Creating environment hook '/opt/carma/install_ros2/asn1c/share/asn1c/hook/pkg_config_path.sh'
[2.326s] Level 1:colcon.colcon_core.shell:create_environment_hook('asn1c', 'pkg_config_path_multiarch')
[2.326s] INFO:colcon.colcon_core.shell:Creating environment hook '/opt/carma/install_ros2/asn1c/share/asn1c/hook/pkg_config_path_multiarch.ps1'
[2.327s] INFO:colcon.colcon_core.shell:Creating environment descriptor '/opt/carma/install_ros2/asn1c/share/asn1c/hook/pkg_config_path_multiarch.dsv'
[2.327s] INFO:colcon.colcon_core.shell:Creating environment hook '/opt/carma/install_ros2/asn1c/share/asn1c/hook/pkg_config_path_multiarch.sh'
[2.329s] Level 1:colcon.colcon_core.environment:create_environment_scripts_only(asn1c)
[2.334s] Level 1:colcon.colcon_core.environment:checking '/opt/carma/install_ros2/asn1c' for CMake module files
[2.334s] Level 1:colcon.colcon_core.environment:checking '/opt/carma/install_ros2/asn1c' for CMake config files
[2.335s] Level 1:colcon.colcon_core.shell:create_environment_hook('asn1c', 'cmake_prefix_path')
[2.335s] INFO:colcon.colcon_core.shell:Creating environment hook '/opt/carma/install_ros2/asn1c/share/asn1c/hook/cmake_prefix_path.ps1'
[2.336s] INFO:colcon.colcon_core.shell:Creating environment descriptor '/opt/carma/install_ros2/asn1c/share/asn1c/hook/cmake_prefix_path.dsv'
[2.336s] INFO:colcon.colcon_core.shell:Creating environment hook '/opt/carma/install_ros2/asn1c/share/asn1c/hook/cmake_prefix_path.sh'
[2.338s] Level 1:colcon.colcon_core.environment:checking '/opt/carma/install_ros2/asn1c/lib'
[2.338s] Level 1:colcon.colcon_core.shell:create_environment_hook('asn1c', 'ld_library_path_lib')
[2.338s] INFO:colcon.colcon_core.shell:Creating environment hook '/opt/carma/install_ros2/asn1c/share/asn1c/hook/ld_library_path_lib.ps1'
[2.357s] INFO:colcon.colcon_core.shell:Creating environment descriptor '/opt/carma/install_ros2/asn1c/share/asn1c/hook/ld_library_path_lib.dsv'
[2.357s] INFO:colcon.colcon_core.shell:Creating environment hook '/opt/carma/install_ros2/asn1c/share/asn1c/hook/ld_library_path_lib.sh'
[2.358s] Level 1:colcon.colcon_core.environment:checking '/opt/carma/install_ros2/asn1c/bin'
[2.358s] Level 1:colcon.colcon_core.environment:checking '/opt/carma/install_ros2/asn1c/lib/pkgconfig/asn1c.pc'
[2.358s] Level 1:colcon.colcon_core.shell:create_environment_hook('asn1c', 'pkg_config')
[2.358s] INFO:colcon.colcon_core.shell:Creating environment hook '/opt/carma/install_ros2/asn1c/share/asn1c/hook/pkg_config.ps1'
[2.359s] INFO:colcon.colcon_core.shell:Creating environment descriptor '/opt/carma/install_ros2/asn1c/share/asn1c/hook/pkg_config.dsv'
[2.359s] INFO:colcon.colcon_core.shell:Creating environment hook '/opt/carma/install_ros2/asn1c/share/asn1c/hook/pkg_config.sh'
[2.361s] Level 1:colcon.colcon_core.environment:checking '/opt/carma/install_ros2/asn1c/lib/python3.8/site-packages'
[2.361s] Level 1:colcon.colcon_core.environment:checking '/opt/carma/install_ros2/asn1c/bin'
[2.362s] INFO:colcon.colcon_core.shell:Creating package script '/opt/carma/install_ros2/asn1c/share/asn1c/package.ps1'
[2.363s] INFO:colcon.colcon_core.shell:Creating package descriptor '/opt/carma/install_ros2/asn1c/share/asn1c/package.dsv'
[2.364s] INFO:colcon.colcon_core.shell:Creating package script '/opt/carma/install_ros2/asn1c/share/asn1c/package.sh'
[2.365s] INFO:colcon.colcon_core.shell:Creating package script '/opt/carma/install_ros2/asn1c/share/asn1c/package.bash'
[2.365s] INFO:colcon.colcon_core.shell:Creating package script '/opt/carma/install_ros2/asn1c/share/asn1c/package.zsh'
[2.366s] Level 1:colcon.colcon_core.environment:create_file_with_runtime_dependencies(/opt/carma/install_ros2/asn1c/share/colcon-core/packages/asn1c)
[2.367s] INFO:colcon.colcon_ros.task.ament_cmake.build:Building ROS package in '/workspaces/carma-messenger/carma-messenger-core/cpp_message' with build type 'ament_cmake'
[2.367s] INFO:colcon.colcon_cmake.task.cmake.build:Building CMake package in '/workspaces/carma-messenger/carma-messenger-core/cpp_message'
[2.367s] INFO:colcon.colcon_core.shell:Skip shell extension 'powershell' for command environment: Not usable outside of PowerShell
[2.368s] DEBUG:colcon.colcon_core.shell:Skip shell extension 'dsv' for command environment
[2.394s] DEBUG:colcon.colcon_core.event_handler.log_command:Invoking command in '/home/carma/build_ros2/cpp_message': CMAKE_PREFIX_PATH=/opt/carma/install/carma_message_utilities:/opt/carma/install/carma_launch_testing:/opt/carma/install_ros2/asn1c:${CMAKE_PREFIX_PATH} LD_LIBRARY_PATH=/opt/carma/install_ros2/asn1c/lib:${LD_LIBRARY_PATH} PKG_CONFIG_PATH=/opt/carma/install_ros2/asn1c/lib/x86_64-linux-gnu/pkgconfig:/opt/carma/install_ros2/asn1c/lib/pkgconfig:${PKG_CONFIG_PATH} ROS_PACKAGE_PATH=/opt/carma/install_ros2/asn1c/share:${ROS_PACKAGE_PATH} /usr/bin/cmake /workspaces/carma-messenger/carma-messenger-core/cpp_message -DCMAKE_BUILD_TYPE=Release -DCMAKE_INSTALL_PREFIX=/opt/carma/install_ros2/cpp_message
[2.937s] DEBUG:colcon.colcon_core.event_handler.log_command:Invoked command in '/home/carma/build_ros2/cpp_message' returned '0': CMAKE_PREFIX_PATH=/opt/carma/install/carma_message_utilities:/opt/carma/install/carma_launch_testing:/opt/carma/install_ros2/asn1c:${CMAKE_PREFIX_PATH} LD_LIBRARY_PATH=/opt/carma/install_ros2/asn1c/lib:${LD_LIBRARY_PATH} PKG_CONFIG_PATH=/opt/carma/install_ros2/asn1c/lib/x86_64-linux-gnu/pkgconfig:/opt/carma/install_ros2/asn1c/lib/pkgconfig:${PKG_CONFIG_PATH} ROS_PACKAGE_PATH=/opt/carma/install_ros2/asn1c/share:${ROS_PACKAGE_PATH} /usr/bin/cmake /workspaces/carma-messenger/carma-messenger-core/cpp_message -DCMAKE_BUILD_TYPE=Release -DCMAKE_INSTALL_PREFIX=/opt/carma/install_ros2/cpp_message
[2.938s] DEBUG:colcon.colcon_core.event_handler.log_command:Invoking command in '/home/carma/build_ros2/cpp_message': CMAKE_PREFIX_PATH=/opt/carma/install/carma_message_utilities:/opt/carma/install/carma_launch_testing:/opt/carma/install_ros2/asn1c:${CMAKE_PREFIX_PATH} LD_LIBRARY_PATH=/opt/carma/install_ros2/asn1c/lib:${LD_LIBRARY_PATH} PKG_CONFIG_PATH=/opt/carma/install_ros2/asn1c/lib/x86_64-linux-gnu/pkgconfig:/opt/carma/install_ros2/asn1c/lib/pkgconfig:${PKG_CONFIG_PATH} ROS_PACKAGE_PATH=/opt/carma/install_ros2/asn1c/share:${ROS_PACKAGE_PATH} /usr/bin/cmake --build /home/carma/build_ros2/cpp_message -- -j8 -l8
[2.987s] DEBUG:colcon.colcon_core.event_handler.log_command:Invoked command in '/home/carma/build_ros2/cpp_message' returned '0': CMAKE_PREFIX_PATH=/opt/carma/install/carma_message_utilities:/opt/carma/install/carma_launch_testing:/opt/carma/install_ros2/asn1c:${CMAKE_PREFIX_PATH} LD_LIBRARY_PATH=/opt/carma/install_ros2/asn1c/lib:${LD_LIBRARY_PATH} PKG_CONFIG_PATH=/opt/carma/install_ros2/asn1c/lib/x86_64-linux-gnu/pkgconfig:/opt/carma/install_ros2/asn1c/lib/pkgconfig:${PKG_CONFIG_PATH} ROS_PACKAGE_PATH=/opt/carma/install_ros2/asn1c/share:${ROS_PACKAGE_PATH} /usr/bin/cmake --build /home/carma/build_ros2/cpp_message -- -j8 -l8
[3.008s] WARNING:colcon.colcon_cmake.task.cmake.build:Could not run installation step for package 'cpp_message' because it has no 'install' target
[3.008s] Level 1:colcon.colcon_core.environment:create_environment_scripts_only(cpp_message)
[3.009s] Level 1:colcon.colcon_core.environment:checking '/opt/carma/install_ros2/cpp_message' for CMake module files
[3.009s] Level 1:colcon.colcon_core.environment:checking '/opt/carma/install_ros2/cpp_message' for CMake config files
[3.009s] Level 1:colcon.colcon_core.shell:create_environment_hook('cpp_message', 'cmake_prefix_path')
[3.010s] INFO:colcon.colcon_core.shell:Creating environment hook '/opt/carma/install_ros2/cpp_message/share/cpp_message/hook/cmake_prefix_path.ps1'
[3.011s] INFO:colcon.colcon_core.shell:Creating environment descriptor '/opt/carma/install_ros2/cpp_message/share/cpp_message/hook/cmake_prefix_path.dsv'
[3.011s] INFO:colcon.colcon_core.shell:Creating environment hook '/opt/carma/install_ros2/cpp_message/share/cpp_message/hook/cmake_prefix_path.sh'
[3.012s] Level 1:colcon.colcon_core.environment:checking '/opt/carma/install_ros2/cpp_message/lib'
[3.012s] Level 1:colcon.colcon_core.shell:create_environment_hook('cpp_message', 'ld_library_path_lib')
[3.012s] INFO:colcon.colcon_core.shell:Creating environment hook '/opt/carma/install_ros2/cpp_message/share/cpp_message/hook/ld_library_path_lib.ps1'
[3.012s] INFO:colcon.colcon_core.shell:Creating environment descriptor '/opt/carma/install_ros2/cpp_message/share/cpp_message/hook/ld_library_path_lib.dsv'
[3.013s] INFO:colcon.colcon_core.shell:Creating environment hook '/opt/carma/install_ros2/cpp_message/share/cpp_message/hook/ld_library_path_lib.sh'
[3.013s] Level 1:colcon.colcon_core.environment:checking '/opt/carma/install_ros2/cpp_message/bin'
[3.013s] Level 1:colcon.colcon_core.environment:checking '/opt/carma/install_ros2/cpp_message/lib/pkgconfig/cpp_message.pc'
[3.014s] Level 1:colcon.colcon_core.environment:checking '/opt/carma/install_ros2/cpp_message/lib/python3.8/site-packages'
[3.014s] Level 1:colcon.colcon_core.environment:checking '/opt/carma/install_ros2/cpp_message/bin'
[3.014s] INFO:colcon.colcon_core.shell:Creating package script '/opt/carma/install_ros2/cpp_message/share/cpp_message/package.ps1'
[3.015s] INFO:colcon.colcon_core.shell:Creating package descriptor '/opt/carma/install_ros2/cpp_message/share/cpp_message/package.dsv'
[3.015s] INFO:colcon.colcon_core.shell:Creating package script '/opt/carma/install_ros2/cpp_message/share/cpp_message/package.sh'
[3.016s] INFO:colcon.colcon_core.shell:Creating package script '/opt/carma/install_ros2/cpp_message/share/cpp_message/package.bash'
[3.016s] INFO:colcon.colcon_core.shell:Creating package script '/opt/carma/install_ros2/cpp_message/share/cpp_message/package.zsh'
[3.017s] Level 1:colcon.colcon_core.environment:create_file_with_runtime_dependencies(/opt/carma/install_ros2/cpp_message/share/colcon-core/packages/cpp_message)
[3.037s] Level 1:colcon.colcon_core.environment:create_environment_scripts_only(cpp_message)
[3.038s] Level 1:colcon.colcon_core.environment:checking '/opt/carma/install_ros2/cpp_message' for CMake module files
[3.039s] Level 1:colcon.colcon_core.environment:checking '/opt/carma/install_ros2/cpp_message' for CMake config files
[3.039s] Level 1:colcon.colcon_core.shell:create_environment_hook('cpp_message', 'cmake_prefix_path')
[3.040s] INFO:colcon.colcon_core.shell:Creating environment hook '/opt/carma/install_ros2/cpp_message/share/cpp_message/hook/cmake_prefix_path.ps1'
[3.041s] INFO:colcon.colcon_core.shell:Creating environment descriptor '/opt/carma/install_ros2/cpp_message/share/cpp_message/hook/cmake_prefix_path.dsv'
[3.042s] INFO:colcon.colcon_core.shell:Creating environment hook '/opt/carma/install_ros2/cpp_message/share/cpp_message/hook/cmake_prefix_path.sh'
[3.043s] Level 1:colcon.colcon_core.environment:checking '/opt/carma/install_ros2/cpp_message/lib'
[3.043s] Level 1:colcon.colcon_core.shell:create_environment_hook('cpp_message', 'ld_library_path_lib')
[3.043s] INFO:colcon.colcon_core.shell:Creating environment hook '/opt/carma/install_ros2/cpp_message/share/cpp_message/hook/ld_library_path_lib.ps1'
[3.044s] INFO:colcon.colcon_core.shell:Creating environment descriptor '/opt/carma/install_ros2/cpp_message/share/cpp_message/hook/ld_library_path_lib.dsv'
[3.045s] INFO:colcon.colcon_core.shell:Creating environment hook '/opt/carma/install_ros2/cpp_message/share/cpp_message/hook/ld_library_path_lib.sh'
[3.046s] Level 1:colcon.colcon_core.environment:checking '/opt/carma/install_ros2/cpp_message/bin'
[3.046s] Level 1:colcon.colcon_core.environment:checking '/opt/carma/install_ros2/cpp_message/lib/pkgconfig/cpp_message.pc'
[3.046s] Level 1:colcon.colcon_core.environment:checking '/opt/carma/install_ros2/cpp_message/lib/python3.8/site-packages'
[3.047s] Level 1:colcon.colcon_core.environment:checking '/opt/carma/install_ros2/cpp_message/bin'
[3.047s] INFO:colcon.colcon_core.shell:Creating package script '/opt/carma/install_ros2/cpp_message/share/cpp_message/package.ps1'
[3.048s] INFO:colcon.colcon_core.shell:Creating package descriptor '/opt/carma/install_ros2/cpp_message/share/cpp_message/package.dsv'
[3.049s] INFO:colcon.colcon_core.shell:Creating package script '/opt/carma/install_ros2/cpp_message/share/cpp_message/package.sh'
[3.049s] INFO:colcon.colcon_core.shell:Creating package script '/opt/carma/install_ros2/cpp_message/share/cpp_message/package.bash'
[3.050s] INFO:colcon.colcon_core.shell:Creating package script '/opt/carma/install_ros2/cpp_message/share/cpp_message/package.zsh'
[3.051s] Level 1:colcon.colcon_core.environment:create_file_with_runtime_dependencies(/opt/carma/install_ros2/cpp_message/share/colcon-core/packages/cpp_message)
[3.051s] DEBUG:colcon.colcon_parallel_executor.executor.parallel:closing loop
[3.052s] DEBUG:colcon.colcon_parallel_executor.executor.parallel:loop closed
[3.052s] DEBUG:colcon.colcon_parallel_executor.executor.parallel:run_until_complete finished with '0'
[3.052s] DEBUG:colcon.colcon_core.event_reactor:joining thread
[3.061s] INFO:colcon.colcon_core.plugin_system:Skipping extension 'colcon_notification.desktop_notification.notify_send': Could not find 'notify-send'
[3.062s] INFO:colcon.colcon_core.plugin_system:Skipping extension 'colcon_notification.desktop_notification.terminal_notifier': Not used on non-Darwin systems
[3.062s] INFO:colcon.colcon_core.plugin_system:Skipping extension 'colcon_notification.desktop_notification.win32': Not used on non-Windows systems
[3.062s] INFO:colcon.colcon_notification.desktop_notification:Sending desktop notification using 'notify2'
[3.065s] DEBUG:colcon.colcon_notification.desktop_notification.notify2:Failed to initialize notify2: org.freedesktop.DBus.Error.Spawn.ExecFailed: /usr/bin/dbus-launch terminated abnormally without any error message
[3.065s] DEBUG:colcon.colcon_core.event_reactor:joined thread
[3.066s] INFO:colcon.colcon_core.shell:Creating prefix script '/opt/carma/install_ros2/local_setup.ps1'
[3.067s] INFO:colcon.colcon_core.shell:Creating prefix util module '/opt/carma/install_ros2/_local_setup_util_ps1.py'
[3.069s] INFO:colcon.colcon_core.shell:Creating prefix chain script '/opt/carma/install_ros2/setup.ps1'
[3.071s] INFO:colcon.colcon_core.shell:Creating prefix script '/opt/carma/install_ros2/local_setup.sh'
[3.072s] INFO:colcon.colcon_core.shell:Creating prefix util module '/opt/carma/install_ros2/_local_setup_util_sh.py'
[3.074s] INFO:colcon.colcon_core.shell:Creating prefix chain script '/opt/carma/install_ros2/setup.sh'
[3.077s] INFO:colcon.colcon_core.shell:Creating prefix script '/opt/carma/install_ros2/local_setup.bash'
[3.077s] INFO:colcon.colcon_core.shell:Creating prefix chain script '/opt/carma/install_ros2/setup.bash'
[3.080s] INFO:colcon.colcon_core.shell:Creating prefix script '/opt/carma/install_ros2/local_setup.zsh'
[3.081s] INFO:colcon.colcon_core.shell:Creating prefix chain script '/opt/carma/install_ros2/setup.zsh'
