[0.110s] Invoking command in '/home/carma/build_ros2/traffic_incident': CMAKE_PREFIX_PATH=/opt/ros/foxy:/opt/carma/install/carma_message_utilities:/opt/carma/install/carma_launch_testing:${CMAKE_PREFIX_PATH} /usr/bin/cmake /workspaces/carma-messenger/carma-messenger-core/traffic_incident -DCMAKE_BUILD_TYPE=Release -DCMAKE_INSTALL_PREFIX=/opt/carma/install_ros2/traffic_incident
[0.133s] CMake Error at CMakeLists.txt:19 (find_package):
[0.133s]   By not providing "Findcarma_cmake_common.cmake" in CMAKE_MODULE_PATH this
[0.133s]   project has asked CMake to find a package configuration file provided by
[0.133s]   "carma_cmake_common", but CMake did not find one.
[0.133s] 
[0.134s]   Could not find a package configuration file provided by
[0.134s]   "carma_cmake_common" with any of the following names:
[0.134s] 
[0.134s]     carma_cmake_commonConfig.cmake
[0.134s]     carma_cmake_common-config.cmake
[0.134s] 
[0.135s]   Add the installation prefix of "carma_cmake_common" to CMAKE_PREFIX_PATH or
[0.135s]   set "carma_cmake_common_DIR" to a directory containing one of the above
[0.139s]   files.  If "carma_cmake_common" provides a separate development package or
[0.139s]   SDK, be sure it has been installed.
[0.139s] 
[0.139s] 
[0.141s] -- Configuring incomplete, errors occurred!
[0.141s] See also "/home/carma/build_ros2/traffic_incident/CMakeFiles/CMakeOutput.log".
[0.145s] Invoked command in '/home/carma/build_ros2/traffic_incident' returned '1': CMAKE_PREFIX_PATH=/opt/ros/foxy:/opt/carma/install/carma_message_utilities:/opt/carma/install/carma_launch_testing:${CMAKE_PREFIX_PATH} /usr/bin/cmake /workspaces/carma-messenger/carma-messenger-core/traffic_incident -DCMAKE_BUILD_TYPE=Release -DCMAKE_INSTALL_PREFIX=/opt/carma/install_ros2/traffic_incident
