-- The C compiler identification is GNU 9.4.0
-- The CXX compiler identification is GNU 9.4.0
-- Check for working C compiler: /usr/bin/cc
-- Check for working C compiler: /usr/bin/cc -- works
-- Detecting C compiler ABI info
-- Detecting C compiler ABI info - done
-- Detecting C compile features
-- Detecting C compile features - done
-- Check for working CXX compiler: /usr/bin/c++
-- Check for working CXX compiler: /usr/bin/c++ -- works
-- Detecting CXX compiler ABI info
-- Detecting CXX compiler ABI info - done
-- Detecting CXX compile features
-- Detecting CXX compile features - done
-- Using CATKIN_DEVEL_PREFIX: /home/carma/build_ros2/asn1c/devel
-- Using CMAKE_PREFIX_PATH: /opt/carma/install/driver_shutdown;/opt/carma/install/carma_utils;/opt/carma/install/cav_srvs;/opt/carma/install/carma_debug_msgs;/opt/carma/install/cav_msgs;/opt/carma/install/j3224_v2x_msgs;/opt/carma/install/j2735_v2x_msgs;/opt/carma/install/catkin;/opt/carma/install/carma_cooperative_perception_interfaces;/opt/carma/install/carma_cmake_common;/opt/carma/install/carma-messenger;/opt/carma/install/can_msgs;/opt/carma/install/asn1c;/opt/ros/noetic
-- This workspace overlays: /opt/carma/install/driver_shutdown;/opt/carma/install/carma_utils;/opt/carma/install/cav_srvs;/opt/carma/install/carma_debug_msgs;/opt/carma/install/cav_msgs;/opt/carma/install/j3224_v2x_msgs;/opt/carma/install/j2735_v2x_msgs;/opt/carma/install/catkin;/opt/carma/install/carma_cooperative_perception_interfaces;/opt/carma/install/carma_cmake_common;/opt/carma/install/carma-messenger;/opt/carma/install/can_msgs;/opt/carma/install/asn1c;/opt/ros/noetic
-- Found PythonInterp: /usr/bin/python3 (found suitable version "3.8.10", minimum required is "3") 
-- Using PYTHON_EXECUTABLE: /usr/bin/python3
-- Using Debian Python package layout
-- Found PY_em: /usr/lib/python3/dist-packages/em.py  
-- Using empy: /usr/lib/python3/dist-packages/em.py
-- Using CATKIN_ENABLE_TESTING: ON
-- Call enable_testing()
-- Using CATKIN_TEST_RESULTS_DIR: /home/carma/build_ros2/asn1c/test_results
-- Forcing gtest/gmock from source, though one was otherwise available.
-- Found gtest sources under '/usr/src/googletest': gtests will be built
-- Found gmock sources under '/usr/src/googletest': gmock will be built
-- Found PythonInterp: /usr/bin/python3 (found version "3.8.10") 
-- Found Threads: TRUE  
-- Using Python nosetests: /usr/bin/nosetests3
-- catkin 0.8.10
-- BUILD_SHARED_LIBS is on
-- Configuring done
-- Generating done
-- Build files have been written to: /home/carma/build_ros2/asn1c
[35m[1mScanning dependencies of target tests[0m
Built target tests
-- Install configuration: "Release"
-- Installing: /opt/carma/install_ros2/asn1c/lib/pkgconfig/asn1c.pc
-- Installing: /opt/carma/install_ros2/asn1c/share/asn1c/cmake/asn1cConfig.cmake
-- Installing: /opt/carma/install_ros2/asn1c/share/asn1c/cmake/asn1cConfig-version.cmake
-- Up-to-date: /opt/carma/install_ros2/asn1c/share/asn1c/package.xml
-- Up-to-date: /opt/carma/install_ros2/asn1c/lib/libasn1c.so
