[0.015s] Invoking command in '/home/carma/build_ros2/asn1c': /usr/bin/cmake /workspaces/carma-messenger/carma-messenger-core/lib_asn1c -DCMAKE_BUILD_TYPE=Release -DCATKIN_INSTALL_INTO_PREFIX_ROOT=0 -DCMAKE_INSTALL_PREFIX=/opt/carma/install_ros2/asn1c
[0.082s] -- The C compiler identification is GNU 9.4.0
[0.144s] -- The CXX compiler identification is GNU 9.4.0
[0.147s] -- Check for working C compiler: /usr/bin/cc
[0.225s] -- Check for working C compiler: /usr/bin/cc -- works
[0.225s] -- Detecting C compiler ABI info
[0.305s] -- Detecting C compiler ABI info - done
[0.316s] -- Detecting C compile features
[0.317s] -- Detecting C compile features - done
[0.320s] -- Check for working CXX compiler: /usr/bin/c++
[0.428s] -- Check for working CXX compiler: /usr/bin/c++ -- works
[0.428s] -- Detecting CXX compiler ABI info
[0.535s] -- Detecting CXX compiler ABI info - done
[0.547s] -- Detecting CXX compile features
[0.548s] -- Detecting CXX compile features - done
[0.557s] -- Using CATKIN_DEVEL_PREFIX: /home/carma/build_ros2/asn1c/devel
[0.558s] -- Using CMAKE_PREFIX_PATH: /opt/carma/install/driver_shutdown;/opt/carma/install/carma_utils;/opt/carma/install/cav_srvs;/opt/carma/install/carma_debug_msgs;/opt/carma/install/cav_msgs;/opt/carma/install/j3224_v2x_msgs;/opt/carma/install/j2735_v2x_msgs;/opt/carma/install/catkin;/opt/carma/install/carma_cooperative_perception_interfaces;/opt/carma/install/carma_cmake_common;/opt/carma/install/carma-messenger;/opt/carma/install/can_msgs;/opt/carma/install/asn1c;/opt/ros/noetic
[0.559s] -- This workspace overlays: /opt/carma/install/driver_shutdown;/opt/carma/install/carma_utils;/opt/carma/install/cav_srvs;/opt/carma/install/carma_debug_msgs;/opt/carma/install/cav_msgs;/opt/carma/install/j3224_v2x_msgs;/opt/carma/install/j2735_v2x_msgs;/opt/carma/install/catkin;/opt/carma/install/carma_cooperative_perception_interfaces;/opt/carma/install/carma_cmake_common;/opt/carma/install/carma-messenger;/opt/carma/install/can_msgs;/opt/carma/install/asn1c;/opt/ros/noetic
[0.590s] -- Found PythonInterp: /usr/bin/python3 (found suitable version "3.8.10", minimum required is "3") 
[0.590s] -- Using PYTHON_EXECUTABLE: /usr/bin/python3
[0.590s] -- Using Debian Python package layout
[0.626s] -- Found PY_em: /usr/lib/python3/dist-packages/em.py  
[0.627s] -- Using empy: /usr/lib/python3/dist-packages/em.py
[0.753s] -- Using CATKIN_ENABLE_TESTING: ON
[0.753s] -- Call enable_testing()
[0.755s] -- Using CATKIN_TEST_RESULTS_DIR: /home/carma/build_ros2/asn1c/test_results
[1.126s] -- Forcing gtest/gmock from source, though one was otherwise available.
[1.126s] -- Found gtest sources under '/usr/src/googletest': gtests will be built
[1.126s] -- Found gmock sources under '/usr/src/googletest': gmock will be built
[1.159s] -- Found PythonInterp: /usr/bin/python3 (found version "3.8.10") 
[1.161s] -- Found Threads: TRUE  
[1.166s] -- Using Python nosetests: /usr/bin/nosetests3
[1.227s] -- catkin 0.8.10
[1.227s] -- BUILD_SHARED_LIBS is on
[1.584s] -- Configuring done
[1.595s] -- Generating done
[1.597s] -- Build files have been written to: /home/carma/build_ros2/asn1c
[1.602s] Invoked command in '/home/carma/build_ros2/asn1c' returned '0': /usr/bin/cmake /workspaces/carma-messenger/carma-messenger-core/lib_asn1c -DCMAKE_BUILD_TYPE=Release -DCATKIN_INSTALL_INTO_PREFIX_ROOT=0 -DCMAKE_INSTALL_PREFIX=/opt/carma/install_ros2/asn1c
[1.606s] Invoking command in '/home/carma/build_ros2/asn1c': /usr/bin/cmake --build /home/carma/build_ros2/asn1c -- -j8 -l8
[1.653s] Invoked command in '/home/carma/build_ros2/asn1c' returned '0': /usr/bin/cmake --build /home/carma/build_ros2/asn1c -- -j8 -l8
[1.695s] Invoking command in '/home/carma/build_ros2/asn1c': /usr/bin/cmake --build /home/carma/build_ros2/asn1c --target tests -- -j8 -l8
[1.765s] [35m[1mScanning dependencies of target tests[0m
[1.777s] Built target tests
[1.792s] Invoked command in '/home/carma/build_ros2/asn1c' returned '0': /usr/bin/cmake --build /home/carma/build_ros2/asn1c --target tests -- -j8 -l8
[1.848s] Invoking command in '/home/carma/build_ros2/asn1c': /usr/bin/cmake --install /home/carma/build_ros2/asn1c
[1.859s] -- Install configuration: "Release"
[1.860s] -- Installing: /opt/carma/install_ros2/asn1c/lib/pkgconfig/asn1c.pc
[1.860s] -- Installing: /opt/carma/install_ros2/asn1c/share/asn1c/cmake/asn1cConfig.cmake
[1.860s] -- Installing: /opt/carma/install_ros2/asn1c/share/asn1c/cmake/asn1cConfig-version.cmake
[1.860s] -- Up-to-date: /opt/carma/install_ros2/asn1c/share/asn1c/package.xml
[1.866s] -- Up-to-date: /opt/carma/install_ros2/asn1c/lib/libasn1c.so
[1.870s] Invoked command in '/home/carma/build_ros2/asn1c' returned '0': /usr/bin/cmake --install /home/carma/build_ros2/asn1c
