[0.078s] Invoking command in '/home/carma/build_ros2/j2735_convertor': CMAKE_PREFIX_PATH=/opt/ros/foxy:/opt/carma/install/carma_message_utilities:/opt/carma/install/carma_launch_testing:${CMAKE_PREFIX_PATH} /usr/bin/cmake /workspaces/carma-messenger/carma-messenger-core/j2735_convertor -DCMAKE_BUILD_TYPE=Release -DCMAKE_INSTALL_PREFIX=/opt/carma/install_ros2/j2735_convertor
[0.140s] -- Configuring incomplete, errors occurred!
[0.141s] CMake Error at CMakeLists.txt:19 (find_package):
[0.141s]   By not providing "Findcarma_cmake_common.cmake" in CMAKE_MODULE_PATH this
[0.141s]   project has asked CMake to find a package configuration file provided by
[0.141s]   "carma_cmake_common", but CMake did not find one.
[0.141s] 
[0.141s]   Could not find a package configuration file provided by
[0.142s]   "carma_cmake_common" with any of the following names:
[0.142s] 
[0.142s]     carma_cmake_commonConfig.cmake
[0.142s]     carma_cmake_common-config.cmake
[0.142s] 
[0.146s]   Add the installation prefix of "carma_cmake_common" to CMAKE_PREFIX_PATH or
[0.147s]   set "carma_cmake_common_DIR" to a directory containing one of the above
[0.147s]   files.  If "carma_cmake_common" provides a separate development package or
[0.148s]   SDK, be sure it has been installed.
[0.148s] 
[0.148s] 
[0.148s] See also "/home/carma/build_ros2/j2735_convertor/CMakeFiles/CMakeOutput.log".
[0.161s] Invoked command in '/home/carma/build_ros2/j2735_convertor' returned '1': CMAKE_PREFIX_PATH=/opt/ros/foxy:/opt/carma/install/carma_message_utilities:/opt/carma/install/carma_launch_testing:${CMAKE_PREFIX_PATH} /usr/bin/cmake /workspaces/carma-messenger/carma-messenger-core/j2735_convertor -DCMAKE_BUILD_TYPE=Release -DCMAKE_INSTALL_PREFIX=/opt/carma/install_ros2/j2735_convertor
