[0.021s] Invoking command in '/home/carma/build_ros2/cpp_message': CMAKE_PREFIX_PATH=/opt/carma/install/carma_message_utilities:/opt/carma/install/carma_launch_testing:/opt/carma/install_ros2/asn1c:${CMAKE_PREFIX_PATH} LD_LIBRARY_PATH=/opt/carma/install_ros2/asn1c/lib:${LD_LIBRARY_PATH} PKG_CONFIG_PATH=/opt/carma/install_ros2/asn1c/lib/x86_64-linux-gnu/pkgconfig:/opt/carma/install_ros2/asn1c/lib/pkgconfig:${PKG_CONFIG_PATH} ROS_PACKAGE_PATH=/opt/carma/install_ros2/asn1c/share:${ROS_PACKAGE_PATH} /usr/bin/cmake --build /home/carma/build_ros2/cpp_message -- -j8 -l8
[0.070s] CMake Warning at CMakeLists.txt:22 (find_package):
[0.071s]   By not providing "Findcarma_j2735.cmake" in CMAKE_MODULE_PATH this project
[0.071s]   has asked CMake to find a package configuration file provided by
[0.071s]   "carma_j2735", but CMake did not find one.
[0.071s] 
[0.071s]   Could not find a package configuration file provided by "carma_j2735" with
[0.071s]   any of the following names:
[0.071s] 
[0.071s]     carma_j2735Config.cmake
[0.072s]     carma_j2735-config.cmake
[0.072s] 
[0.072s]   Add the installation prefix of "carma_j2735" to CMAKE_PREFIX_PATH or set
[0.072s]   "carma_j2735_DIR" to a directory containing one of the above files.  If
[0.072s]   "carma_j2735" provides a separate development package or SDK, be sure it
[0.072s]   has been installed.
[0.072s] 
[0.072s] 
[0.073s] Skipping build of cpp_message as only ROS 2 is supported. Detected version is ROS 1
[0.073s] -- Configuring done
[0.073s] -- Generating done
[0.074s] -- Build files have been written to: /home/carma/build_ros2/cpp_message
[0.098s] Invoked command in '/home/carma/build_ros2/cpp_message' returned '0': CMAKE_PREFIX_PATH=/opt/carma/install/carma_message_utilities:/opt/carma/install/carma_launch_testing:/opt/carma/install_ros2/asn1c:${CMAKE_PREFIX_PATH} LD_LIBRARY_PATH=/opt/carma/install_ros2/asn1c/lib:${LD_LIBRARY_PATH} PKG_CONFIG_PATH=/opt/carma/install_ros2/asn1c/lib/x86_64-linux-gnu/pkgconfig:/opt/carma/install_ros2/asn1c/lib/pkgconfig:${PKG_CONFIG_PATH} ROS_PACKAGE_PATH=/opt/carma/install_ros2/asn1c/share:${ROS_PACKAGE_PATH} /usr/bin/cmake --build /home/carma/build_ros2/cpp_message -- -j8 -l8
