[0.025s] Invoking command in '/home/carma/build_ros2/cpp_message': CMAKE_PREFIX_PATH=/opt/carma/install/carma_message_utilities:/opt/carma/install/carma_launch_testing:/opt/carma/install_ros2/asn1c:${CMAKE_PREFIX_PATH} LD_LIBRARY_PATH=/opt/carma/install_ros2/asn1c/lib:${LD_LIBRARY_PATH} PKG_CONFIG_PATH=/opt/carma/install_ros2/asn1c/lib/x86_64-linux-gnu/pkgconfig:/opt/carma/install_ros2/asn1c/lib/pkgconfig:${PKG_CONFIG_PATH} ROS_PACKAGE_PATH=/opt/carma/install_ros2/asn1c/share:${ROS_PACKAGE_PATH} /usr/bin/cmake /workspaces/carma-messenger/carma-messenger-core/cpp_message -DCMAKE_BUILD_TYPE=Release -DCMAKE_INSTALL_PREFIX=/opt/carma/install_ros2/cpp_message
[0.099s] -- The C compiler identification is GNU 9.4.0
[0.173s] -- The CXX compiler identification is GNU 9.4.0
[0.180s] -- Check for working C compiler: /usr/bin/cc
[0.262s] -- Check for working C compiler: /usr/bin/cc -- works
[0.263s] -- Detecting C compiler ABI info
[0.344s] -- Detecting C compiler ABI info - done
[0.356s] -- Detecting C compile features
[0.357s] -- Detecting C compile features - done
[0.359s] -- Check for working CXX compiler: /usr/bin/c++
[0.450s] -- Check for working CXX compiler: /usr/bin/c++ -- works
[0.452s] -- Detecting CXX compiler ABI info
[0.540s] -- Detecting CXX compiler ABI info - done
[0.551s] -- Detecting CXX compile features
[0.552s] -- Detecting CXX compile features - done
[0.559s] Skipping build of cpp_message as only ROS 2 is supported. Detected version is ROS 1
[0.559s] -- Configuring done
[0.561s] -- Generating done
[0.561s] -- Build files have been written to: /home/carma/build_ros2/cpp_message
[0.567s] Invoked command in '/home/carma/build_ros2/cpp_message' returned '0': CMAKE_PREFIX_PATH=/opt/carma/install/carma_message_utilities:/opt/carma/install/carma_launch_testing:/opt/carma/install_ros2/asn1c:${CMAKE_PREFIX_PATH} LD_LIBRARY_PATH=/opt/carma/install_ros2/asn1c/lib:${LD_LIBRARY_PATH} PKG_CONFIG_PATH=/opt/carma/install_ros2/asn1c/lib/x86_64-linux-gnu/pkgconfig:/opt/carma/install_ros2/asn1c/lib/pkgconfig:${PKG_CONFIG_PATH} ROS_PACKAGE_PATH=/opt/carma/install_ros2/asn1c/share:${ROS_PACKAGE_PATH} /usr/bin/cmake /workspaces/carma-messenger/carma-messenger-core/cpp_message -DCMAKE_BUILD_TYPE=Release -DCMAKE_INSTALL_PREFIX=/opt/carma/install_ros2/cpp_message
[0.569s] Invoking command in '/home/carma/build_ros2/cpp_message': CMAKE_PREFIX_PATH=/opt/carma/install/carma_message_utilities:/opt/carma/install/carma_launch_testing:/opt/carma/install_ros2/asn1c:${CMAKE_PREFIX_PATH} LD_LIBRARY_PATH=/opt/carma/install_ros2/asn1c/lib:${LD_LIBRARY_PATH} PKG_CONFIG_PATH=/opt/carma/install_ros2/asn1c/lib/x86_64-linux-gnu/pkgconfig:/opt/carma/install_ros2/asn1c/lib/pkgconfig:${PKG_CONFIG_PATH} ROS_PACKAGE_PATH=/opt/carma/install_ros2/asn1c/share:${ROS_PACKAGE_PATH} /usr/bin/cmake --build /home/carma/build_ros2/cpp_message -- -j8 -l8
[0.618s] Invoked command in '/home/carma/build_ros2/cpp_message' returned '0': CMAKE_PREFIX_PATH=/opt/carma/install/carma_message_utilities:/opt/carma/install/carma_launch_testing:/opt/carma/install_ros2/asn1c:${CMAKE_PREFIX_PATH} LD_LIBRARY_PATH=/opt/carma/install_ros2/asn1c/lib:${LD_LIBRARY_PATH} PKG_CONFIG_PATH=/opt/carma/install_ros2/asn1c/lib/x86_64-linux-gnu/pkgconfig:/opt/carma/install_ros2/asn1c/lib/pkgconfig:${PKG_CONFIG_PATH} ROS_PACKAGE_PATH=/opt/carma/install_ros2/asn1c/share:${ROS_PACKAGE_PATH} /usr/bin/cmake --build /home/carma/build_ros2/cpp_message -- -j8 -l8
