[0.183s] DEBUG:colcon:Command line arguments: ['/usr/bin/colcon', 'build', '--packages-up-to', 'cpp_message']
[0.183s] DEBUG:colcon:Parsed command line arguments: Namespace(ament_cmake_args=None, base_paths=['.'], build_base='build', catkin_cmake_args=None, catkin_skip_building_tests=False, cmake_args=None, cmake_clean_cache=False, cmake_clean_first=False, cmake_force_configure=False, cmake_target=None, cmake_target_skip_unavailable=False, continue_on_error=False, event_handlers=None, executor='parallel', ignore_user_meta=False, install_base='install', log_base=None, log_level=None, main=<bound method BuildVerb.main of <colcon_core.verb.build.BuildVerb object at 0x7e08ea820190>>, merge_install=False, metas=['./colcon.meta'], packages_above=None, packages_above_and_dependencies=None, packages_above_depth=None, packages_end=None, packages_ignore=None, packages_ignore_regex=None, packages_select=None, packages_select_build_failed=False, packages_select_by_dep=None, packages_select_regex=None, packages_select_test_failures=False, packages_skip=None, packages_skip_build_finished=False, packages_skip_by_dep=None, packages_skip_regex=None, packages_skip_test_passed=False, packages_skip_up_to=None, packages_start=None, packages_up_to=['cpp_message'], packages_up_to_regex=None, parallel_workers=8, paths=None, symlink_install=False, test_result_base=None, verb_extension=<colcon_core.verb.build.BuildVerb object at 0x7e08ea820190>, verb_name='build', verb_parser=<colcon_defaults.argument_parser.defaults.DefaultArgumentsDecorator object at 0x7e08ea6e86a0>)
[0.332s] Level 1:colcon.colcon_core.package_discovery:discover_packages(colcon_meta) check parameters
[0.332s] Level 1:colcon.colcon_core.package_discovery:discover_packages(recursive) check parameters
[0.332s] Level 1:colcon.colcon_core.package_discovery:discover_packages(ignore) check parameters
[0.332s] Level 1:colcon.colcon_core.package_discovery:discover_packages(path) check parameters
[0.333s] Level 1:colcon.colcon_core.package_discovery:discover_packages(colcon_meta) discover
[0.333s] Level 1:colcon.colcon_core.package_discovery:discover_packages(recursive) discover
[0.333s] INFO:colcon.colcon_core.package_discovery:Crawling recursively for packages in '/workspaces/carma-messenger/carma-messenger-core'
[0.333s] Level 1:colcon.colcon_core.package_identification:_identify(.) by extensions ['ignore', 'ignore_ament_install']
[0.333s] Level 1:colcon.colcon_core.package_identification:_identify(.) by extension 'ignore'
[0.333s] Level 1:colcon.colcon_core.package_identification:_identify(.) by extension 'ignore_ament_install'
[0.333s] Level 1:colcon.colcon_core.package_identification:_identify(.) by extensions ['colcon_pkg']
[0.333s] Level 1:colcon.colcon_core.package_identification:_identify(.) by extension 'colcon_pkg'
[0.333s] Level 1:colcon.colcon_core.package_identification:_identify(.) by extensions ['colcon_meta']
[0.333s] Level 1:colcon.colcon_core.package_identification:_identify(.) by extension 'colcon_meta'
[0.333s] Level 1:colcon.colcon_core.package_identification:_identify(.) by extensions ['ros']
[0.333s] Level 1:colcon.colcon_core.package_identification:_identify(.) by extension 'ros'
[0.343s] Level 1:colcon.colcon_core.package_identification:_identify(.) by extensions ['cmake', 'python']
[0.343s] Level 1:colcon.colcon_core.package_identification:_identify(.) by extension 'cmake'
[0.343s] Level 1:colcon.colcon_core.package_identification:_identify(.) by extension 'python'
[0.343s] Level 1:colcon.colcon_core.package_identification:_identify(.) by extensions ['python_setup_py']
[0.343s] Level 1:colcon.colcon_core.package_identification:_identify(.) by extension 'python_setup_py'
[0.343s] Level 1:colcon.colcon_core.package_identification:_identify(build) by extensions ['ignore', 'ignore_ament_install']
[0.343s] Level 1:colcon.colcon_core.package_identification:_identify(build) by extension 'ignore'
[0.343s] Level 1:colcon.colcon_core.package_identification:_identify(build) ignored
[0.343s] Level 1:colcon.colcon_core.package_identification:_identify(carma-messenger) by extensions ['ignore', 'ignore_ament_install']
[0.344s] Level 1:colcon.colcon_core.package_identification:_identify(carma-messenger) by extension 'ignore'
[0.344s] Level 1:colcon.colcon_core.package_identification:_identify(carma-messenger) by extension 'ignore_ament_install'
[0.344s] Level 1:colcon.colcon_core.package_identification:_identify(carma-messenger) by extensions ['colcon_pkg']
[0.344s] Level 1:colcon.colcon_core.package_identification:_identify(carma-messenger) by extension 'colcon_pkg'
[0.344s] Level 1:colcon.colcon_core.package_identification:_identify(carma-messenger) by extensions ['colcon_meta']
[0.344s] Level 1:colcon.colcon_core.package_identification:_identify(carma-messenger) by extension 'colcon_meta'
[0.344s] Level 1:colcon.colcon_core.package_identification:_identify(carma-messenger) by extensions ['ros']
[0.344s] Level 1:colcon.colcon_core.package_identification:_identify(carma-messenger) by extension 'ros'
[0.347s] DEBUG:colcon.colcon_core.package_identification:Package 'carma-messenger' with type 'ros.ament_cmake' and name 'carma-messenger'
[0.348s] Level 1:colcon.colcon_core.package_identification:_identify(cpp_message) by extensions ['ignore', 'ignore_ament_install']
[0.348s] Level 1:colcon.colcon_core.package_identification:_identify(cpp_message) by extension 'ignore'
[0.348s] Level 1:colcon.colcon_core.package_identification:_identify(cpp_message) by extension 'ignore_ament_install'
[0.348s] Level 1:colcon.colcon_core.package_identification:_identify(cpp_message) by extensions ['colcon_pkg']
[0.348s] Level 1:colcon.colcon_core.package_identification:_identify(cpp_message) by extension 'colcon_pkg'
[0.348s] Level 1:colcon.colcon_core.package_identification:_identify(cpp_message) by extensions ['colcon_meta']
[0.348s] Level 1:colcon.colcon_core.package_identification:_identify(cpp_message) by extension 'colcon_meta'
[0.348s] Level 1:colcon.colcon_core.package_identification:_identify(cpp_message) by extensions ['ros']
[0.348s] Level 1:colcon.colcon_core.package_identification:_identify(cpp_message) by extension 'ros'
[0.349s] DEBUG:colcon.colcon_core.package_identification:Package 'cpp_message' with type 'ros.ament_cmake' and name 'cpp_message'
[0.349s] Level 1:colcon.colcon_core.package_identification:_identify(docker) by extensions ['ignore', 'ignore_ament_install']
[0.349s] Level 1:colcon.colcon_core.package_identification:_identify(docker) by extension 'ignore'
[0.350s] Level 1:colcon.colcon_core.package_identification:_identify(docker) by extension 'ignore_ament_install'
[0.350s] Level 1:colcon.colcon_core.package_identification:_identify(docker) by extensions ['colcon_pkg']
[0.350s] Level 1:colcon.colcon_core.package_identification:_identify(docker) by extension 'colcon_pkg'
[0.350s] Level 1:colcon.colcon_core.package_identification:_identify(docker) by extensions ['colcon_meta']
[0.350s] Level 1:colcon.colcon_core.package_identification:_identify(docker) by extension 'colcon_meta'
[0.350s] Level 1:colcon.colcon_core.package_identification:_identify(docker) by extensions ['ros']
[0.350s] Level 1:colcon.colcon_core.package_identification:_identify(docker) by extension 'ros'
[0.350s] Level 1:colcon.colcon_core.package_identification:_identify(docker) by extensions ['cmake', 'python']
[0.350s] Level 1:colcon.colcon_core.package_identification:_identify(docker) by extension 'cmake'
[0.350s] Level 1:colcon.colcon_core.package_identification:_identify(docker) by extension 'python'
[0.350s] Level 1:colcon.colcon_core.package_identification:_identify(docker) by extensions ['python_setup_py']
[0.350s] Level 1:colcon.colcon_core.package_identification:_identify(docker) by extension 'python_setup_py'
[0.350s] Level 1:colcon.colcon_core.package_identification:_identify(emergency_response_vehicle_plugin) by extensions ['ignore', 'ignore_ament_install']
[0.350s] Level 1:colcon.colcon_core.package_identification:_identify(emergency_response_vehicle_plugin) by extension 'ignore'
[0.350s] Level 1:colcon.colcon_core.package_identification:_identify(emergency_response_vehicle_plugin) by extension 'ignore_ament_install'
[0.351s] Level 1:colcon.colcon_core.package_identification:_identify(emergency_response_vehicle_plugin) by extensions ['colcon_pkg']
[0.351s] Level 1:colcon.colcon_core.package_identification:_identify(emergency_response_vehicle_plugin) by extension 'colcon_pkg'
[0.351s] Level 1:colcon.colcon_core.package_identification:_identify(emergency_response_vehicle_plugin) by extensions ['colcon_meta']
[0.351s] Level 1:colcon.colcon_core.package_identification:_identify(emergency_response_vehicle_plugin) by extension 'colcon_meta'
[0.351s] Level 1:colcon.colcon_core.package_identification:_identify(emergency_response_vehicle_plugin) by extensions ['ros']
[0.351s] Level 1:colcon.colcon_core.package_identification:_identify(emergency_response_vehicle_plugin) by extension 'ros'
[0.352s] DEBUG:colcon.colcon_core.package_identification:Package 'emergency_response_vehicle_plugin' with type 'ros.ament_cmake' and name 'emergency_response_vehicle_plugin'
[0.352s] Level 1:colcon.colcon_core.package_identification:_identify(hooks) by extensions ['ignore', 'ignore_ament_install']
[0.352s] Level 1:colcon.colcon_core.package_identification:_identify(hooks) by extension 'ignore'
[0.352s] Level 1:colcon.colcon_core.package_identification:_identify(hooks) by extension 'ignore_ament_install'
[0.352s] Level 1:colcon.colcon_core.package_identification:_identify(hooks) by extensions ['colcon_pkg']
[0.352s] Level 1:colcon.colcon_core.package_identification:_identify(hooks) by extension 'colcon_pkg'
[0.352s] Level 1:colcon.colcon_core.package_identification:_identify(hooks) by extensions ['colcon_meta']
[0.352s] Level 1:colcon.colcon_core.package_identification:_identify(hooks) by extension 'colcon_meta'
[0.352s] Level 1:colcon.colcon_core.package_identification:_identify(hooks) by extensions ['ros']
[0.352s] Level 1:colcon.colcon_core.package_identification:_identify(hooks) by extension 'ros'
[0.352s] Level 1:colcon.colcon_core.package_identification:_identify(hooks) by extensions ['cmake', 'python']
[0.352s] Level 1:colcon.colcon_core.package_identification:_identify(hooks) by extension 'cmake'
[0.352s] Level 1:colcon.colcon_core.package_identification:_identify(hooks) by extension 'python'
[0.352s] Level 1:colcon.colcon_core.package_identification:_identify(hooks) by extensions ['python_setup_py']
[0.352s] Level 1:colcon.colcon_core.package_identification:_identify(hooks) by extension 'python_setup_py'
[0.353s] Level 1:colcon.colcon_core.package_identification:_identify(install) by extensions ['ignore', 'ignore_ament_install']
[0.353s] Level 1:colcon.colcon_core.package_identification:_identify(install) by extension 'ignore'
[0.353s] Level 1:colcon.colcon_core.package_identification:_identify(install) ignored
[0.353s] Level 1:colcon.colcon_core.package_identification:_identify(j2735_convertor) by extensions ['ignore', 'ignore_ament_install']
[0.353s] Level 1:colcon.colcon_core.package_identification:_identify(j2735_convertor) by extension 'ignore'
[0.353s] Level 1:colcon.colcon_core.package_identification:_identify(j2735_convertor) by extension 'ignore_ament_install'
[0.353s] Level 1:colcon.colcon_core.package_identification:_identify(j2735_convertor) by extensions ['colcon_pkg']
[0.353s] Level 1:colcon.colcon_core.package_identification:_identify(j2735_convertor) by extension 'colcon_pkg'
[0.353s] Level 1:colcon.colcon_core.package_identification:_identify(j2735_convertor) by extensions ['colcon_meta']
[0.353s] Level 1:colcon.colcon_core.package_identification:_identify(j2735_convertor) by extension 'colcon_meta'
[0.353s] Level 1:colcon.colcon_core.package_identification:_identify(j2735_convertor) by extensions ['ros']
[0.353s] Level 1:colcon.colcon_core.package_identification:_identify(j2735_convertor) by extension 'ros'
[0.354s] DEBUG:colcon.colcon_core.package_identification:Package 'j2735_convertor' with type 'ros.ament_cmake' and name 'j2735_convertor'
[0.354s] Level 1:colcon.colcon_core.package_identification:_identify(log) by extensions ['ignore', 'ignore_ament_install']
[0.354s] Level 1:colcon.colcon_core.package_identification:_identify(log) by extension 'ignore'
[0.354s] Level 1:colcon.colcon_core.package_identification:_identify(log) ignored
[0.354s] Level 1:colcon.colcon_core.package_identification:_identify(traffic_incident) by extensions ['ignore', 'ignore_ament_install']
[0.355s] Level 1:colcon.colcon_core.package_identification:_identify(traffic_incident) by extension 'ignore'
[0.355s] Level 1:colcon.colcon_core.package_identification:_identify(traffic_incident) by extension 'ignore_ament_install'
[0.355s] Level 1:colcon.colcon_core.package_identification:_identify(traffic_incident) by extensions ['colcon_pkg']
[0.355s] Level 1:colcon.colcon_core.package_identification:_identify(traffic_incident) by extension 'colcon_pkg'
[0.355s] Level 1:colcon.colcon_core.package_identification:_identify(traffic_incident) by extensions ['colcon_meta']
[0.355s] Level 1:colcon.colcon_core.package_identification:_identify(traffic_incident) by extension 'colcon_meta'
[0.355s] Level 1:colcon.colcon_core.package_identification:_identify(traffic_incident) by extensions ['ros']
[0.355s] Level 1:colcon.colcon_core.package_identification:_identify(traffic_incident) by extension 'ros'
[0.356s] DEBUG:colcon.colcon_core.package_identification:Package 'traffic_incident' with type 'ros.ament_cmake' and name 'traffic_incident'
[0.356s] Level 1:colcon.colcon_core.package_discovery:discover_packages(recursive) using defaults
[0.356s] Level 1:colcon.colcon_core.package_discovery:discover_packages(ignore) discover
[0.356s] Level 1:colcon.colcon_core.package_discovery:discover_packages(ignore) using defaults
[0.356s] Level 1:colcon.colcon_core.package_discovery:discover_packages(path) discover
[0.356s] Level 1:colcon.colcon_core.package_discovery:discover_packages(path) using defaults
[0.370s] INFO:colcon.colcon_core.package_selection:Skipping package 'traffic_incident' in 'traffic_incident'
[0.370s] INFO:colcon.colcon_core.package_selection:Skipping package 'j2735_convertor' in 'j2735_convertor'
[0.370s] INFO:colcon.colcon_core.package_selection:Skipping package 'emergency_response_vehicle_plugin' in 'emergency_response_vehicle_plugin'
[0.370s] INFO:colcon.colcon_core.package_selection:Skipping package 'carma-messenger' in 'carma-messenger'
[0.371s] Level 5:colcon.colcon_core.verb:set package 'cpp_message' build argument 'cmake_args' from command line to 'None'
[0.371s] Level 5:colcon.colcon_core.verb:set package 'cpp_message' build argument 'cmake_target' from command line to 'None'
[0.371s] Level 5:colcon.colcon_core.verb:set package 'cpp_message' build argument 'cmake_target_skip_unavailable' from command line to 'False'
[0.371s] Level 5:colcon.colcon_core.verb:set package 'cpp_message' build argument 'cmake_clean_cache' from command line to 'False'
[0.371s] Level 5:colcon.colcon_core.verb:set package 'cpp_message' build argument 'cmake_clean_first' from command line to 'False'
[0.371s] Level 5:colcon.colcon_core.verb:set package 'cpp_message' build argument 'cmake_force_configure' from command line to 'False'
[0.371s] Level 5:colcon.colcon_core.verb:set package 'cpp_message' build argument 'ament_cmake_args' from command line to 'None'
[0.371s] Level 5:colcon.colcon_core.verb:set package 'cpp_message' build argument 'catkin_cmake_args' from command line to 'None'
[0.371s] Level 5:colcon.colcon_core.verb:set package 'cpp_message' build argument 'catkin_skip_building_tests' from command line to 'False'
[0.371s] DEBUG:colcon.colcon_core.verb:Building package 'cpp_message' with the following arguments: {'ament_cmake_args': None, 'build_base': '/workspaces/carma-messenger/carma-messenger-core/build/cpp_message', 'catkin_cmake_args': None, 'catkin_skip_building_tests': False, 'cmake_args': None, 'cmake_clean_cache': False, 'cmake_clean_first': False, 'cmake_force_configure': False, 'cmake_target': None, 'cmake_target_skip_unavailable': False, 'install_base': '/workspaces/carma-messenger/carma-messenger-core/install/cpp_message', 'merge_install': False, 'path': '/workspaces/carma-messenger/carma-messenger-core/cpp_message', 'symlink_install': False, 'test_result_base': None}
[0.371s] INFO:colcon.colcon_core.executor:Executing jobs using 'parallel' executor
[0.372s] DEBUG:colcon.colcon_parallel_executor.executor.parallel:run_until_complete
[0.372s] INFO:colcon.colcon_ros.task.ament_cmake.build:Building ROS package in '/workspaces/carma-messenger/carma-messenger-core/cpp_message' with build type 'ament_cmake'
[0.373s] INFO:colcon.colcon_cmake.task.cmake.build:Building CMake package in '/workspaces/carma-messenger/carma-messenger-core/cpp_message'
[0.375s] INFO:colcon.colcon_core.plugin_system:Skipping extension 'colcon_core.shell.bat': Not used on non-Windows systems
[0.376s] INFO:colcon.colcon_core.shell:Skip shell extension 'powershell' for command environment: Not usable outside of PowerShell
[0.376s] DEBUG:colcon.colcon_core.shell:Skip shell extension 'dsv' for command environment
[0.380s] DEBUG:colcon.colcon_core.shell:Ignoring prefix path '/home/carma/catkin'
[0.394s] DEBUG:colcon.colcon_core.event_handler.log_command:Invoking command in '/workspaces/carma-messenger/carma-messenger-core/build/cpp_message': CMAKE_PREFIX_PATH=/opt/ros/foxy:/opt/carma/install/carma_message_utilities:/opt/carma/install/carma_launch_testing:${CMAKE_PREFIX_PATH} /usr/bin/cmake --build /workspaces/carma-messenger/carma-messenger-core/build/cpp_message -- -j8 -l8
[0.445s] DEBUG:colcon.colcon_core.event_handler.log_command:Invoked command in '/workspaces/carma-messenger/carma-messenger-core/build/cpp_message' returned '0': CMAKE_PREFIX_PATH=/opt/ros/foxy:/opt/carma/install/carma_message_utilities:/opt/carma/install/carma_launch_testing:${CMAKE_PREFIX_PATH} /usr/bin/cmake --build /workspaces/carma-messenger/carma-messenger-core/build/cpp_message -- -j8 -l8
[0.466s] WARNING:colcon.colcon_cmake.task.cmake.build:Could not run installation step for package 'cpp_message' because it has no 'install' target
[0.466s] Level 1:colcon.colcon_core.environment:create_environment_scripts_only(cpp_message)
[0.469s] Level 1:colcon.colcon_core.environment:checking '/workspaces/carma-messenger/carma-messenger-core/install/cpp_message' for CMake module files
[0.469s] Level 1:colcon.colcon_core.environment:checking '/workspaces/carma-messenger/carma-messenger-core/install/cpp_message' for CMake config files
[0.470s] Level 1:colcon.colcon_core.environment:checking '/workspaces/carma-messenger/carma-messenger-core/install/cpp_message/bin'
[0.470s] Level 1:colcon.colcon_core.environment:checking '/workspaces/carma-messenger/carma-messenger-core/install/cpp_message/lib/pkgconfig/cpp_message.pc'
[0.471s] Level 1:colcon.colcon_core.environment:checking '/workspaces/carma-messenger/carma-messenger-core/install/cpp_message/lib/python3.8/site-packages'
[0.471s] Level 1:colcon.colcon_core.environment:checking '/workspaces/carma-messenger/carma-messenger-core/install/cpp_message/bin'
[0.471s] INFO:colcon.colcon_core.shell:Creating package script '/workspaces/carma-messenger/carma-messenger-core/install/cpp_message/share/cpp_message/package.ps1'
[0.473s] INFO:colcon.colcon_core.shell:Creating package descriptor '/workspaces/carma-messenger/carma-messenger-core/install/cpp_message/share/cpp_message/package.dsv'
[0.473s] INFO:colcon.colcon_core.shell:Creating package script '/workspaces/carma-messenger/carma-messenger-core/install/cpp_message/share/cpp_message/package.sh'
[0.475s] INFO:colcon.colcon_core.shell:Creating package script '/workspaces/carma-messenger/carma-messenger-core/install/cpp_message/share/cpp_message/package.bash'
[0.476s] INFO:colcon.colcon_core.shell:Creating package script '/workspaces/carma-messenger/carma-messenger-core/install/cpp_message/share/cpp_message/package.zsh'
[0.477s] Level 1:colcon.colcon_core.environment:create_file_with_runtime_dependencies(/workspaces/carma-messenger/carma-messenger-core/install/cpp_message/share/colcon-core/packages/cpp_message)
[0.503s] Level 1:colcon.colcon_core.environment:create_environment_scripts_only(cpp_message)
[0.504s] Level 1:colcon.colcon_core.environment:checking '/workspaces/carma-messenger/carma-messenger-core/install/cpp_message' for CMake module files
[0.504s] Level 1:colcon.colcon_core.environment:checking '/workspaces/carma-messenger/carma-messenger-core/install/cpp_message' for CMake config files
[0.505s] Level 1:colcon.colcon_core.environment:checking '/workspaces/carma-messenger/carma-messenger-core/install/cpp_message/bin'
[0.505s] Level 1:colcon.colcon_core.environment:checking '/workspaces/carma-messenger/carma-messenger-core/install/cpp_message/lib/pkgconfig/cpp_message.pc'
[0.505s] Level 1:colcon.colcon_core.environment:checking '/workspaces/carma-messenger/carma-messenger-core/install/cpp_message/lib/python3.8/site-packages'
[0.505s] Level 1:colcon.colcon_core.environment:checking '/workspaces/carma-messenger/carma-messenger-core/install/cpp_message/bin'
[0.505s] INFO:colcon.colcon_core.shell:Creating package script '/workspaces/carma-messenger/carma-messenger-core/install/cpp_message/share/cpp_message/package.ps1'
[0.506s] INFO:colcon.colcon_core.shell:Creating package descriptor '/workspaces/carma-messenger/carma-messenger-core/install/cpp_message/share/cpp_message/package.dsv'
[0.507s] INFO:colcon.colcon_core.shell:Creating package script '/workspaces/carma-messenger/carma-messenger-core/install/cpp_message/share/cpp_message/package.sh'
[0.508s] INFO:colcon.colcon_core.shell:Creating package script '/workspaces/carma-messenger/carma-messenger-core/install/cpp_message/share/cpp_message/package.bash'
[0.508s] INFO:colcon.colcon_core.shell:Creating package script '/workspaces/carma-messenger/carma-messenger-core/install/cpp_message/share/cpp_message/package.zsh'
[0.509s] Level 1:colcon.colcon_core.environment:create_file_with_runtime_dependencies(/workspaces/carma-messenger/carma-messenger-core/install/cpp_message/share/colcon-core/packages/cpp_message)
[0.510s] DEBUG:colcon.colcon_parallel_executor.executor.parallel:closing loop
[0.512s] DEBUG:colcon.colcon_parallel_executor.executor.parallel:loop closed
[0.512s] DEBUG:colcon.colcon_parallel_executor.executor.parallel:run_until_complete finished with '0'
[0.512s] DEBUG:colcon.colcon_core.event_reactor:joining thread
[0.534s] INFO:colcon.colcon_core.plugin_system:Skipping extension 'colcon_notification.desktop_notification.notify_send': Could not find 'notify-send'
[0.534s] INFO:colcon.colcon_core.plugin_system:Skipping extension 'colcon_notification.desktop_notification.terminal_notifier': Not used on non-Darwin systems
[0.534s] INFO:colcon.colcon_core.plugin_system:Skipping extension 'colcon_notification.desktop_notification.win32': Not used on non-Windows systems
[0.534s] INFO:colcon.colcon_notification.desktop_notification:Sending desktop notification using 'notify2'
[0.537s] DEBUG:colcon.colcon_notification.desktop_notification.notify2:Failed to initialize notify2: org.freedesktop.DBus.Error.Spawn.ExecFailed: /usr/bin/dbus-launch terminated abnormally without any error message
[0.537s] DEBUG:colcon.colcon_core.event_reactor:joined thread
[0.538s] INFO:colcon.colcon_core.shell:Creating prefix script '/workspaces/carma-messenger/carma-messenger-core/install/local_setup.ps1'
[0.541s] INFO:colcon.colcon_core.shell:Creating prefix util module '/workspaces/carma-messenger/carma-messenger-core/install/_local_setup_util_ps1.py'
[0.544s] INFO:colcon.colcon_core.shell:Creating prefix chain script '/workspaces/carma-messenger/carma-messenger-core/install/setup.ps1'
[0.547s] INFO:colcon.colcon_core.shell:Creating prefix script '/workspaces/carma-messenger/carma-messenger-core/install/local_setup.sh'
[0.548s] INFO:colcon.colcon_core.shell:Creating prefix util module '/workspaces/carma-messenger/carma-messenger-core/install/_local_setup_util_sh.py'
[0.549s] INFO:colcon.colcon_core.shell:Creating prefix chain script '/workspaces/carma-messenger/carma-messenger-core/install/setup.sh'
[0.550s] INFO:colcon.colcon_core.shell:Creating prefix script '/workspaces/carma-messenger/carma-messenger-core/install/local_setup.bash'
[0.551s] INFO:colcon.colcon_core.shell:Creating prefix chain script '/workspaces/carma-messenger/carma-messenger-core/install/setup.bash'
[0.553s] INFO:colcon.colcon_core.shell:Creating prefix script '/workspaces/carma-messenger/carma-messenger-core/install/local_setup.zsh'
[0.554s] INFO:colcon.colcon_core.shell:Creating prefix chain script '/workspaces/carma-messenger/carma-messenger-core/install/setup.zsh'
